Classic Timing Analyzer report for shiyan1
Tue Nov 26 21:58:03 2013
Quartus II Version 9.0 Build 132 02/25/2009 SJ Full Version


---------------------
; Table of Contents ;
---------------------
  1. Legal Notice
  2. Timing Analyzer Summary
  3. Timing Analyzer Settings
  4. Parallel Compilation
  5. tpd
  6. Timing Analyzer Messages



----------------
; Legal Notice ;
----------------
Copyright (C) 1991-2009 Altera Corporation
Your use of Altera Corporation's design tools, logic functions 
and other software and tools, and its AMPP partner logic 
functions, and any output files from any of the foregoing 
(including device programming or simulation files), and any 
associated documentation or information are expressly subject 
to the terms and conditions of the Altera Program License 
Subscription Agreement, Altera MegaCore Function License 
Agreement, or other applicable license agreement, including, 
without limitation, that your use is for the sole purpose of 
programming logic devices manufactured by Altera and sold by 
Altera or its authorized distributors.  Please refer to the 
applicable agreement for further details.



+--------------------------------------------------------------------------------------------------------------------------+
; Timing Analyzer Summary                                                                                                  ;
+------------------------------+-------+---------------+-------------+------+-------+------------+----------+--------------+
; Type                         ; Slack ; Required Time ; Actual Time ; From ; To    ; From Clock ; To Clock ; Failed Paths ;
+------------------------------+-------+---------------+-------------+------+-------+------------+----------+--------------+
; Worst-case tpd               ; N/A   ; None          ; 13.994 ns   ; T4   ; SE[5] ; --         ; --       ; 0            ;
; Total number of failed paths ;       ;               ;             ;      ;       ;            ;          ; 0            ;
+------------------------------+-------+---------------+-------------+------+-------+------------+----------+--------------+


+--------------------------------------------------------------------------------------------------------------------+
; Timing Analyzer Settings                                                                                           ;
+---------------------------------------------------------------------+--------------------+------+----+-------------+
; Option                                                              ; Setting            ; From ; To ; Entity Name ;
+---------------------------------------------------------------------+--------------------+------+----+-------------+
; Device Name                                                         ; EP1C6Q240C8        ;      ;    ;             ;
; Timing Models                                                       ; Final              ;      ;    ;             ;
; Default hold multicycle                                             ; Same as Multicycle ;      ;    ;             ;
; Cut paths between unrelated clock domains                           ; On                 ;      ;    ;             ;
; Cut off read during write signal paths                              ; On                 ;      ;    ;             ;
; Cut off feedback from I/O pins                                      ; On                 ;      ;    ;             ;
; Report Combined Fast/Slow Timing                                    ; Off                ;      ;    ;             ;
; Ignore Clock Settings                                               ; Off                ;      ;    ;             ;
; Analyze latches as synchronous elements                             ; On                 ;      ;    ;             ;
; Enable Recovery/Removal analysis                                    ; Off                ;      ;    ;             ;
; Enable Clock Latency                                                ; Off                ;      ;    ;             ;
; Use TimeQuest Timing Analyzer                                       ; Off                ;      ;    ;             ;
; Minimum Core Junction Temperature                                   ; 0                  ;      ;    ;             ;
; Maximum Core Junction Temperature                                   ; 85                 ;      ;    ;             ;
; Number of source nodes to report per destination node               ; 10                 ;      ;    ;             ;
; Number of destination nodes to report                               ; 10                 ;      ;    ;             ;
; Number of paths to report                                           ; 200                ;      ;    ;             ;
; Report Minimum Timing Checks                                        ; Off                ;      ;    ;             ;
; Use Fast Timing Models                                              ; Off                ;      ;    ;             ;
; Report IO Paths Separately                                          ; Off                ;      ;    ;             ;
; Perform Multicorner Analysis                                        ; Off                ;      ;    ;             ;
; Reports the worst-case path for each clock domain and analysis      ; Off                ;      ;    ;             ;
; Removes common clock path pessimism (CCPP) during slack computation ; Off                ;      ;    ;             ;
; Output I/O Timing Endpoint                                          ; Near End           ;      ;    ;             ;
+---------------------------------------------------------------------+--------------------+------+----+-------------+


+------------------------------------------+
; Parallel Compilation                     ;
+----------------------------+-------------+
; Processors                 ; Number      ;
+----------------------------+-------------+
; Number detected on machine ; 2           ;
; Maximum allowed            ; 2           ;
;                            ;             ;
; Average used               ; 1.00        ;
; Maximum used               ; 1           ;
;                            ;             ;
; Usage by Processor         ; % Time Used ;
;     1 processor            ; 100.0%      ;
;     2 processors           ;   0.0%      ;
+----------------------------+-------------+


+------------------------------------------------------------+
; tpd                                                        ;
+-------+-------------------+-----------------+------+-------+
; Slack ; Required P2P Time ; Actual P2P Time ; From ; To    ;
+-------+-------------------+-----------------+------+-------+
; N/A   ; None              ; 13.994 ns       ; T4   ; SE[5] ;
; N/A   ; None              ; 13.629 ns       ; T4   ; SE[4] ;
; N/A   ; None              ; 13.606 ns       ; T4   ; SE[2] ;
; N/A   ; None              ; 13.595 ns       ; T4   ; SE[3] ;
; N/A   ; None              ; 13.591 ns       ; T4   ; SE[1] ;
; N/A   ; None              ; 12.121 ns       ; I[4] ; SE[1] ;
; N/A   ; None              ; 11.840 ns       ; SWB  ; SE[2] ;
; N/A   ; None              ; 11.803 ns       ; I[5] ; SE[2] ;
; N/A   ; None              ; 11.603 ns       ; P[4] ; SE[2] ;
; N/A   ; None              ; 11.590 ns       ; P[4] ; SE[1] ;
; N/A   ; None              ; 11.487 ns       ; SWA  ; SE[1] ;
; N/A   ; None              ; 11.159 ns       ; FC   ; SE[5] ;
; N/A   ; None              ; 11.120 ns       ; I[6] ; SE[3] ;
; N/A   ; None              ; 10.940 ns       ; P[3] ; SE[5] ;
; N/A   ; None              ; 10.908 ns       ; P[1] ; SE[2] ;
; N/A   ; None              ; 10.896 ns       ; P[1] ; SE[1] ;
; N/A   ; None              ; 10.834 ns       ; I[7] ; SE[4] ;
; N/A   ; None              ; 10.681 ns       ; FZ   ; SE[5] ;
; N/A   ; None              ; 10.641 ns       ; I[2] ; SE[1] ;
; N/A   ; None              ; 10.595 ns       ; I[3] ; SE[2] ;
; N/A   ; None              ; 10.227 ns       ; P[1] ; SE[4] ;
; N/A   ; None              ; 10.182 ns       ; P[2] ; SE[2] ;
; N/A   ; None              ; 10.164 ns       ; P[2] ; SE[1] ;
; N/A   ; None              ; 9.880 ns        ; P[1] ; SE[3] ;
+-------+-------------------+-----------------+------+-------+


+--------------------------+
; Timing Analyzer Messages ;
+--------------------------+
Info: *******************************************************************
Info: Running Quartus II Classic Timing Analyzer
    Info: Version 9.0 Build 132 02/25/2009 SJ Full Version
    Info: Processing started: Tue Nov 26 21:58:03 2013
Info: Command: quartus_tan --read_settings_files=off --write_settings_files=off shiyan1 -c shiyan1 --timing_analysis_only
Info: Parallel compilation is enabled and will use 2 of the 2 processors detected
Info: Longest tpd from source pin "T4" to destination pin "SE[5]" is 13.994 ns
    Info: 1: + IC(0.000 ns) + CELL(1.469 ns) = 1.469 ns; Loc. = PIN_173; Fanout = 5; PIN Node = 'T4'
    Info: 2: + IC(8.162 ns) + CELL(0.292 ns) = 9.923 ns; Loc. = LC_X1_Y20_N2; Fanout = 1; COMB Node = 'inst17~0'
    Info: 3: + IC(1.947 ns) + CELL(2.124 ns) = 13.994 ns; Loc. = PIN_17; Fanout = 0; PIN Node = 'SE[5]'
    Info: Total cell delay = 3.885 ns ( 27.76 % )
    Info: Total interconnect delay = 10.109 ns ( 72.24 % )
Info: Quartus II Classic Timing Analyzer was successful. 0 errors, 0 warnings
    Info: Peak virtual memory: 133 megabytes
    Info: Processing ended: Tue Nov 26 21:58:03 2013
    Info: Elapsed time: 00:00:00
    Info: Total CPU time (on all processors): 00:00:01


