Flow report for cpu
Sun Dec 15 14:37:34 2013
Quartus II Version 9.0 Build 132 02/25/2009 SJ Full Version


---------------------
; Table of Contents ;
---------------------
  1. Legal Notice
  2. Flow Summary
  3. Flow Settings
  4. Flow Non-Default Global Settings
  5. Flow Elapsed Time
  6. Flow OS Summary
  7. Flow Log



----------------
; Legal Notice ;
----------------
Copyright (C) 1991-2009 Altera Corporation
Your use of Altera Corporation's design tools, logic functions 
and other software and tools, and its AMPP partner logic 
functions, and any output files from any of the foregoing 
(including device programming or simulation files), and any 
associated documentation or information are expressly subject 
to the terms and conditions of the Altera Program License 
Subscription Agreement, Altera MegaCore Function License 
Agreement, or other applicable license agreement, including, 
without limitation, that your use is for the sole purpose of 
programming logic devices manufactured by Altera and sold by 
Altera or its authorized distributors.  Please refer to the 
applicable agreement for further details.



+--------------------------------------------------------------------+
; Flow Summary                                                       ;
+-------------------------+------------------------------------------+
; Flow Status             ; Successful - Sun Dec 15 14:37:34 2013    ;
; Quartus II Version      ; 9.0 Build 132 02/25/2009 SJ Full Version ;
; Revision Name           ; cpu                                      ;
; Top-level Entity Name   ; cpu                                      ;
; Family                  ; Cyclone                                  ;
; Device                  ; EP1C6Q240C8                              ;
; Timing Models           ; Final                                    ;
; Met timing requirements ; No                                       ;
; Total logic elements    ; 969 / 5,980 ( 16 % )                     ;
; Total pins              ; 129 / 185 ( 70 % )                       ;
; Total virtual pins      ; 0                                        ;
; Total memory bits       ; 3,584 / 92,160 ( 4 % )                   ;
; Total PLLs              ; 0 / 2 ( 0 % )                            ;
+-------------------------+------------------------------------------+


+-----------------------------------------+
; Flow Settings                           ;
+-------------------+---------------------+
; Option            ; Setting             ;
+-------------------+---------------------+
; Start date & time ; 12/15/2013 14:36:53 ;
; Main task         ; Compilation         ;
; Revision Name     ; cpu                 ;
+-------------------+---------------------+


+----------------------------------------------------------------------------------------------------------------------+
; Flow Non-Default Global Settings                                                                                     ;
+------------------------------------+----------------------------------+---------------+-------------+----------------+
; Assignment Name                    ; Value                            ; Default Value ; Entity Name ; Section Id     ;
+------------------------------------+----------------------------------+---------------+-------------+----------------+
; COMPILER_SIGNATURE_ID              ; 6112296611.138708941201652       ; --            ; --          ; --             ;
; IP_TOOL_NAME                       ; LPM_LATCH                        ; --            ; --          ; --             ;
; IP_TOOL_NAME                       ; LPM_RAM_DQ                       ; --            ; --          ; --             ;
; IP_TOOL_NAME                       ; LPM_COUNTER                      ; --            ; --          ; --             ;
; IP_TOOL_NAME                       ; LPM_LATCH                        ; --            ; --          ; --             ;
; IP_TOOL_NAME                       ; LPM_BUSTRI                       ; --            ; --          ; --             ;
; IP_TOOL_NAME                       ; LPM_BUSTRI                       ; --            ; --          ; --             ;
; IP_TOOL_NAME                       ; LPM_COUNTER                      ; --            ; --          ; --             ;
; IP_TOOL_NAME                       ; LPM_COUNTER                      ; --            ; --          ; --             ;
; IP_TOOL_VERSION                    ; 9.0                              ; --            ; --          ; --             ;
; IP_TOOL_VERSION                    ; 9.0                              ; --            ; --          ; --             ;
; IP_TOOL_VERSION                    ; 9.0                              ; --            ; --          ; --             ;
; IP_TOOL_VERSION                    ; 9.0                              ; --            ; --          ; --             ;
; IP_TOOL_VERSION                    ; 9.0                              ; --            ; --          ; --             ;
; IP_TOOL_VERSION                    ; 9.0                              ; --            ; --          ; --             ;
; IP_TOOL_VERSION                    ; 9.0                              ; --            ; --          ; --             ;
; IP_TOOL_VERSION                    ; 9.0                              ; --            ; --          ; --             ;
; MAX_CORE_JUNCTION_TEMP             ; 85                               ; --            ; --          ; --             ;
; MIN_CORE_JUNCTION_TEMP             ; 0                                ; --            ; --          ; --             ;
; MISC_FILE                          ; lpm_latch0.bsf                   ; --            ; --          ; --             ;
; MISC_FILE                          ; lpm_latch0.cmp                   ; --            ; --          ; --             ;
; MISC_FILE                          ; lpm_ram_dq0.bsf                  ; --            ; --          ; --             ;
; MISC_FILE                          ; lpm_ram_dq0.cmp                  ; --            ; --          ; --             ;
; MISC_FILE                          ; lpm_counter0.bsf                 ; --            ; --          ; --             ;
; MISC_FILE                          ; lpm_counter0.cmp                 ; --            ; --          ; --             ;
; MISC_FILE                          ; lpm_latch1.bsf                   ; --            ; --          ; --             ;
; MISC_FILE                          ; lpm_latch1.cmp                   ; --            ; --          ; --             ;
; MISC_FILE                          ; lpm_bustri0.bsf                  ; --            ; --          ; --             ;
; MISC_FILE                          ; lpm_bustri0.cmp                  ; --            ; --          ; --             ;
; MISC_FILE                          ; lpm_bustri1.bsf                  ; --            ; --          ; --             ;
; MISC_FILE                          ; lpm_bustri1.cmp                  ; --            ; --          ; --             ;
; MISC_FILE                          ; lpm_counter1.bsf                 ; --            ; --          ; --             ;
; MISC_FILE                          ; lpm_counter1.cmp                 ; --            ; --          ; --             ;
; MISC_FILE                          ; lpm_counter2.bsf                 ; --            ; --          ; --             ;
; MISC_FILE                          ; lpm_counter2.cmp                 ; --            ; --          ; --             ;
; MISC_FILE                          ; D:/yu-wu08/cpu.dpf               ; --            ; --          ; --             ;
; MISC_FILE                          ; C:/altera/90/quartus/cpu/cpu.dpf ; --            ; --          ; --             ;
; PARTITION_COLOR                    ; 16764057                         ; --            ; --          ; Top            ;
; PARTITION_NETLIST_TYPE             ; SOURCE                           ; --            ; --          ; Top            ;
; USE_GENERATED_PHYSICAL_CONSTRAINTS ; Off                              ; --            ; --          ; eda_blast_fpga ;
+------------------------------------+----------------------------------+---------------+-------------+----------------+


+-----------------------------------------------------------------------------------------------------------------------------+
; Flow Elapsed Time                                                                                                           ;
+-------------------------+--------------+-------------------------+---------------------+------------------------------------+
; Module Name             ; Elapsed Time ; Average Processors Used ; Peak Virtual Memory ; Total CPU Time (on all processors) ;
+-------------------------+--------------+-------------------------+---------------------+------------------------------------+
; Analysis & Synthesis    ; 00:00:14     ; 1.0                     ; 206 MB              ; 00:00:12                           ;
; Fitter                  ; 00:00:12     ; 1.0                     ; 192 MB              ; 00:00:10                           ;
; Assembler               ; 00:00:05     ; 1.0                     ; 160 MB              ; 00:00:04                           ;
; Classic Timing Analyzer ; 00:00:02     ; 1.0                     ; 125 MB              ; 00:00:01                           ;
; Total                   ; 00:00:33     ; --                      ; --                  ; 00:00:27                           ;
+-------------------------+--------------+-------------------------+---------------------+------------------------------------+


+---------------------------------------------------------------------------------------+
; Flow OS Summary                                                                       ;
+-------------------------+------------------+------------+------------+----------------+
; Module Name             ; Machine Hostname ; OS Name    ; OS Version ; Processor type ;
+-------------------------+------------------+------------+------------+----------------+
; Analysis & Synthesis    ; lenovo           ; Windows XP ; 5.1        ; i686           ;
; Fitter                  ; lenovo           ; Windows XP ; 5.1        ; i686           ;
; Assembler               ; lenovo           ; Windows XP ; 5.1        ; i686           ;
; Classic Timing Analyzer ; lenovo           ; Windows XP ; 5.1        ; i686           ;
+-------------------------+------------------+------------+------------+----------------+


------------
; Flow Log ;
------------
quartus_map --read_settings_files=on --write_settings_files=off cpu -c cpu
quartus_fit --read_settings_files=off --write_settings_files=off cpu -c cpu
quartus_asm --read_settings_files=off --write_settings_files=off cpu -c cpu
quartus_tan --read_settings_files=off --write_settings_files=off cpu -c cpu --timing_analysis_only



