Flow report for revision
Thu Jul 06 21:09:31 2023
Quartus II Version 9.0 Build 132 02/25/2009 SJ Full Version


---------------------
; Table of Contents ;
---------------------
  1. Legal Notice
  2. Flow Summary
  3. Flow Settings
  4. Flow Non-Default Global Settings
  5. Flow Elapsed Time
  6. Flow OS Summary
  7. Flow Log



----------------
; Legal Notice ;
----------------
Copyright (C) 1991-2009 Altera Corporation
Your use of Altera Corporation's design tools, logic functions 
and other software and tools, and its AMPP partner logic 
functions, and any output files from any of the foregoing 
(including device programming or simulation files), and any 
associated documentation or information are expressly subject 
to the terms and conditions of the Altera Program License 
Subscription Agreement, Altera MegaCore Function License 
Agreement, or other applicable license agreement, including, 
without limitation, that your use is for the sole purpose of 
programming logic devices manufactured by Altera and sold by 
Altera or its authorized distributors.  Please refer to the 
applicable agreement for further details.



+--------------------------------------------------------------------------+
; Flow Summary                                                             ;
+-------------------------------+------------------------------------------+
; Flow Status                   ; Successful - Thu Jul 06 21:09:31 2023    ;
; Quartus II Version            ; 9.0 Build 132 02/25/2009 SJ Full Version ;
; Revision Name                 ; revision                                 ;
; Top-level Entity Name         ; fifo                                     ;
; Family                        ; Stratix II                               ;
; Met timing requirements       ; Yes                                      ;
; Logic utilization             ; < 1 %                                    ;
;     Combinational ALUTs       ; 24 / 12,480 ( < 1 % )                    ;
;     Dedicated logic registers ; 10 / 12,480 ( < 1 % )                    ;
; Total registers               ; 10                                       ;
; Total pins                    ; 32 / 343 ( 9 % )                         ;
; Total virtual pins            ; 0                                        ;
; Total block memory bits       ; 64 / 419,328 ( < 1 % )                   ;
; DSP block 9-bit elements      ; 0 / 96 ( 0 % )                           ;
; Total PLLs                    ; 0 / 6 ( 0 % )                            ;
; Total DLLs                    ; 0 / 2 ( 0 % )                            ;
; Device                        ; EP2S15F484C3                             ;
; Timing Models                 ; Final                                    ;
+-------------------------------+------------------------------------------+


+-----------------------------------------+
; Flow Settings                           ;
+-------------------+---------------------+
; Option            ; Setting             ;
+-------------------+---------------------+
; Start date & time ; 07/06/2023 21:09:24 ;
; Main task         ; Compilation         ;
; Revision Name     ; revision            ;
+-------------------+---------------------+


+------------------------------------------------------------------------------------------------------------------+
; Flow Non-Default Global Settings                                                                                 ;
+------------------------------------+------------------------------+---------------+-------------+----------------+
; Assignment Name                    ; Value                        ; Default Value ; Entity Name ; Section Id     ;
+------------------------------------+------------------------------+---------------+-------------+----------------+
; COMPILER_SIGNATURE_ID              ; 345052807169.168864896408380 ; --            ; --          ; --             ;
; PARTITION_COLOR                    ; 16764057                     ; --            ; fifo        ; Top            ;
; PARTITION_NETLIST_TYPE             ; SOURCE                       ; --            ; fifo        ; Top            ;
; TOP_LEVEL_ENTITY                   ; fifo                         ; revision      ; --          ; --             ;
; USE_GENERATED_PHYSICAL_CONSTRAINTS ; Off                          ; --            ; --          ; eda_blast_fpga ;
+------------------------------------+------------------------------+---------------+-------------+----------------+


+-----------------------------------------------------------------------------------------------------------------------------+
; Flow Elapsed Time                                                                                                           ;
+-------------------------+--------------+-------------------------+---------------------+------------------------------------+
; Module Name             ; Elapsed Time ; Average Processors Used ; Peak Virtual Memory ; Total CPU Time (on all processors) ;
+-------------------------+--------------+-------------------------+---------------------+------------------------------------+
; Analysis & Synthesis    ; 00:00:00     ; 1.0                     ; 233 MB              ; 00:00:00                           ;
; Fitter                  ; 00:00:03     ; 1.0                     ; 303 MB              ; 00:00:01                           ;
; Assembler               ; 00:00:02     ; 1.0                     ; 249 MB              ; 00:00:01                           ;
; Classic Timing Analyzer ; 00:00:00     ; 1.0                     ; 181 MB              ; 00:00:00                           ;
; Total                   ; 00:00:05     ; --                      ; --                  ; 00:00:02                           ;
+-------------------------+--------------+-------------------------+---------------------+------------------------------------+


+------------------------------------------------------------------------------------------+
; Flow OS Summary                                                                          ;
+-------------------------+------------------+---------------+------------+----------------+
; Module Name             ; Machine Hostname ; OS Name       ; OS Version ; Processor type ;
+-------------------------+------------------+---------------+------------+----------------+
; Analysis & Synthesis    ; Null             ; Windows Vista ; 6.2        ; x86_64         ;
; Fitter                  ; Null             ; Windows Vista ; 6.2        ; x86_64         ;
; Assembler               ; Null             ; Windows Vista ; 6.2        ; x86_64         ;
; Classic Timing Analyzer ; Null             ; Windows Vista ; 6.2        ; x86_64         ;
+-------------------------+------------------+---------------+------------+----------------+


------------
; Flow Log ;
------------
quartus_map --read_settings_files=on --write_settings_files=off project -c revision
quartus_fit --read_settings_files=off --write_settings_files=off project -c revision
quartus_asm --read_settings_files=off --write_settings_files=off project -c revision
quartus_tan --read_settings_files=off --write_settings_files=off project -c revision --timing_analysis_only



