C51 COMPILER V9.00   BJZLMOTOR                                                             06/23/2021 16:15:58 PAGE 1   


C51 COMPILER V9.00, COMPILATION OF MODULE BJZLMOTOR
OBJECT MODULE PLACED IN bjzlmotor.OBJ
COMPILER INVOKED BY: C:\Keil_c51\C51\BIN\C51.EXE bjzlmotor.c BROWSE DEBUG OBJECTEXTEND

line level    source

   1          #include <reg52.h>
   2          #define uchar unsigned char
   3          #define uint unsigned int
   4          
   5          sbit ch0=P1^0;
   6          sbit ch1=P1^1;
   7          
   8          //逆时针赋值数组
   9          uchar code anclockwise[8]={0x0E,0x06,0x07,0x03,0x0B,0x09,0x0D,0x0C};
  10          //顺时针赋值数组
  11          uchar code clockwise[8]={0x0E,0x0C,0x0D,0x09,0x0B,0x03,0x07,0x06};
  12          
  13          
  14          /*
  15          //逆时针赋值数组
  16          uchar code anclockwise[8]={0x08,0x0c,0x04,0x06,0x02,0x03,0x01,0x09};
  17          //顺时针赋值数组
  18          uchar code clockwise[8]={0x09,0x01,0x03,0x02,0x06,0x04,0x0c,0x08};
  19          */
  20          
  21          void delay_ms(uint timer)//延时函数
  22          {
  23   1         uchar j=124;
  24   1         while (timer--){
  25   2            for(j=124;j>0;j--);
  26   2              }
  27   1      }
  28          
  29          void main(){
  30   1        uchar m;
  31   1      
  32   1        P1=0x00;
  33   1        P2=0xFF;
  34   1        while(1)
  35   1        {
  36   2           for (m=0;m<8;m++)
  37   2               {
  38   3                   P2=clockwise[m];
  39   3                       delay_ms(1000);
  40   3               }
  41   2                for (m=0;m<8;m++)
  42   2               {
  43   3                   P2=anclockwise[m];
  44   3                       delay_ms(1000);
  45   3               }
  46   2      
  47   2           ch0=0;
  48   2           ch1=1;
  49   2           delay_ms(1000);
  50   2           ch0=0;
  51   2           ch1=0;
  52   2           delay_ms(2000);
  53   2           ch0=1;
  54   2           ch1=0;
  55   2               delay_ms(1000);
C51 COMPILER V9.00   BJZLMOTOR                                                             06/23/2021 16:15:58 PAGE 2   

  56   2      
  57   2         }
  58   1      
  59   1      
  60   1      }
  61          


MODULE INFORMATION:   STATIC OVERLAYABLE
   CODE SIZE        =     87    ----
   CONSTANT SIZE    =     16    ----
   XDATA SIZE       =   ----    ----
   PDATA SIZE       =   ----    ----
   DATA SIZE        =   ----    ----
   IDATA SIZE       =   ----    ----
   BIT SIZE         =   ----    ----
END OF MODULE INFORMATION.


C51 COMPILATION COMPLETE.  0 WARNING(S),  0 ERROR(S)
