Flow report for MCU8951
Thu Jan 02 16:03:42 2014
Quartus II Version 9.0 Build 132 02/25/2009 SJ Full Version


---------------------
; Table of Contents ;
---------------------
  1. Legal Notice
  2. Flow Summary
  3. Flow Settings
  4. Flow Non-Default Global Settings
  5. Flow Elapsed Time
  6. Flow OS Summary
  7. Flow Log



----------------
; Legal Notice ;
----------------
Copyright (C) 1991-2009 Altera Corporation
Your use of Altera Corporation's design tools, logic functions 
and other software and tools, and its AMPP partner logic 
functions, and any output files from any of the foregoing 
(including device programming or simulation files), and any 
associated documentation or information are expressly subject 
to the terms and conditions of the Altera Program License 
Subscription Agreement, Altera MegaCore Function License 
Agreement, or other applicable license agreement, including, 
without limitation, that your use is for the sole purpose of 
programming logic devices manufactured by Altera and sold by 
Altera or its authorized distributors.  Please refer to the 
applicable agreement for further details.



+--------------------------------------------------------------------+
; Flow Summary                                                       ;
+-------------------------+------------------------------------------+
; Flow Status             ; Successful - Thu Jan 02 16:03:42 2014    ;
; Quartus II Version      ; 9.0 Build 132 02/25/2009 SJ Full Version ;
; Revision Name           ; MCU8951                                  ;
; Top-level Entity Name   ; MCU8951                                  ;
; Family                  ; Cyclone                                  ;
; Device                  ; EP1C6Q240C8                              ;
; Timing Models           ; Final                                    ;
; Met timing requirements ; No                                       ;
; Total logic elements    ; 1,772 / 5,980 ( 30 % )                   ;
; Total pins              ; 45 / 185 ( 24 % )                        ;
; Total virtual pins      ; 0                                        ;
; Total memory bits       ; 34,816 / 92,160 ( 38 % )                 ;
; Total PLLs              ; 1 / 2 ( 50 % )                           ;
+-------------------------+------------------------------------------+


+-----------------------------------------+
; Flow Settings                           ;
+-------------------+---------------------+
; Option            ; Setting             ;
+-------------------+---------------------+
; Start date & time ; 01/02/2014 16:02:52 ;
; Main task         ; Compilation         ;
; Revision Name     ; MCU8951             ;
+-------------------+---------------------+


+------------------------------------------------------------------------------------------------------------------------------------------------------+
; Flow Non-Default Global Settings                                                                                                                     ;
+-----------------------+-----------------------------------------------------------------------------------+---------------+-------------+------------+
; Assignment Name       ; Value                                                                             ; Default Value ; Entity Name ; Section Id ;
+-----------------------+-----------------------------------------------------------------------------------+---------------+-------------+------------+
; COMPILER_SIGNATURE_ID ; 6112296611.138864977103708                                                        ; --            ; --          ; --         ;
; FITTER_EFFORT         ; Standard Fit                                                                      ; Auto Fit      ; --          ; --         ;
; MISC_FILE             ; C:/Documents and Settings/Administrator/×ÀÃæ/moebasic/MCU8951.dpf                 ; --            ; --          ; --         ;
; MISC_FILE             ; C:/Documents and Settings/Administrator/×ÀÃæ/moebasic2.0/moebasic/MCU8951.dpf     ; --            ; --          ; --         ;
; MISC_FILE             ; C:/Documents and Settings/Administrator/×ÀÃæ/8051Terminal/moebasic2.0/MCU8951.dpf ; --            ; --          ; --         ;
+-----------------------+-----------------------------------------------------------------------------------+---------------+-------------+------------+


+-----------------------------------------------------------------------------------------------------------------------------+
; Flow Elapsed Time                                                                                                           ;
+-------------------------+--------------+-------------------------+---------------------+------------------------------------+
; Module Name             ; Elapsed Time ; Average Processors Used ; Peak Virtual Memory ; Total CPU Time (on all processors) ;
+-------------------------+--------------+-------------------------+---------------------+------------------------------------+
; Analysis & Synthesis    ; 00:00:10     ; 1.0                     ; 209 MB              ; 00:00:10                           ;
; Fitter                  ; 00:00:30     ; 1.0                     ; 191 MB              ; 00:00:29                           ;
; Assembler               ; 00:00:05     ; 1.0                     ; 162 MB              ; 00:00:04                           ;
; Classic Timing Analyzer ; 00:00:02     ; 1.0                     ; 127 MB              ; 00:00:01                           ;
; Total                   ; 00:00:47     ; --                      ; --                  ; 00:00:44                           ;
+-------------------------+--------------+-------------------------+---------------------+------------------------------------+


+---------------------------------------------------------------------------------------+
; Flow OS Summary                                                                       ;
+-------------------------+------------------+------------+------------+----------------+
; Module Name             ; Machine Hostname ; OS Name    ; OS Version ; Processor type ;
+-------------------------+------------------+------------+------------+----------------+
; Analysis & Synthesis    ; lenovo           ; Windows XP ; 5.1        ; i686           ;
; Fitter                  ; lenovo           ; Windows XP ; 5.1        ; i686           ;
; Assembler               ; lenovo           ; Windows XP ; 5.1        ; i686           ;
; Classic Timing Analyzer ; lenovo           ; Windows XP ; 5.1        ; i686           ;
+-------------------------+------------------+------------+------------+----------------+


------------
; Flow Log ;
------------
quartus_map --read_settings_files=on --write_settings_files=off MCU8951 -c MCU8951
quartus_fit --read_settings_files=off --write_settings_files=off MCU8951 -c MCU8951
quartus_asm --read_settings_files=off --write_settings_files=off MCU8951 -c MCU8951
quartus_tan --read_settings_files=off --write_settings_files=off MCU8951 -c MCU8951 --timing_analysis_only



