C51 COMPILER V9.00   BASIC_CPU                                                             06/16/2021 11:12:54 PAGE 1   


C51 COMPILER V9.00, COMPILATION OF MODULE BASIC_CPU
OBJECT MODULE PLACED IN basic_cpu.OBJ
COMPILER INVOKED BY: C:\Keil_c51\C51\BIN\C51.EXE basic_cpu.c BROWSE DEBUG OBJECTEXTEND

line level    source

   1          #include <reg51.h>
   2          #define uchar unsigned char
   3          #define uint unsigned int
   4          
   5          uchar code led_pao[]={
   6          0x01,0x02,0x04,0x08,0x10,0x20,0x40,0x80};
   7          
   8          void delay_ms(uint timer)//延时函数
   9          {
  10   1         uchar j=124;
  11   1         while (timer--){
  12   2            for(j=124;j>0;j--);
  13   2              }
  14   1      }
  15          
  16          void main(){
  17   1        uchar a=0x00;/*对移位进行计数*/
  18   1        uchar input1;
  19   1        uchar input2;
  20   1        uchar output1;
  21   1                
  22   1        uchar i;
  23   1            
  24   1        P0=0x01;//初始化P0
  25   1        while(1){
  26   2          
  27   2              for (i=0;i<8;i++) 
  28   2               {        
  29   3                P0=led_pao[i];//用查表的方法实现P0的移位
  30   3                delay_ms(300);//用延时来隔离每次的发光管闪烁时间
  31   3                a=a+1; //对移位进行计数*/
  32   3                P1=a;//通过P1口输出a此时的值   
  33   3      
  34   3                input1=P0;//从P0口输入读入需要加和的加数
  35   3                input2=P3;//从P3口输入读入需要加和的被加数
  36   3                output1=input1+input2;
  37   3                P2=output1;//通过P2口输出加和结果      
  38   3              }                  
  39   2        }
  40   1      }
  41          
  42          
  43          


MODULE INFORMATION:   STATIC OVERLAYABLE
   CODE SIZE        =     61    ----
   CONSTANT SIZE    =      8    ----
   XDATA SIZE       =   ----    ----
   PDATA SIZE       =   ----    ----
   DATA SIZE        =   ----    ----
   IDATA SIZE       =   ----    ----
   BIT SIZE         =   ----    ----
END OF MODULE INFORMATION.


C51 COMPILATION COMPLETE.  0 WARNING(S),  0 ERROR(S)
