C51 COMPILER V9.00   LEDPAO                                                                06/16/2021 11:06:28 PAGE 1   


C51 COMPILER V9.00, COMPILATION OF MODULE LEDPAO
OBJECT MODULE PLACED IN ledpao.OBJ
COMPILER INVOKED BY: C:\Keil_c51\C51\BIN\C51.EXE ledpao.c BROWSE DEBUG OBJECTEXTEND

line level    source

   1          #include <reg51.h>
   2          #define uchar unsigned char
   3          #define uint unsigned int
   4          
   5          uchar code led_pao[]={
   6          0x01,0x02,0x04,0x08,0x10,0x20,0x40,0x80};
   7          
   8          void delay_ms(uint timer)//延时函数
   9          {
  10   1         uchar j=124;
  11   1         while (timer--){
  12   2            for(j=124;j>0;j--);
  13   2              }
  14   1      }
  15          
  16          void main(){
  17   1        uchar a=0x00;/*对移位进行计数*/
  18   1        uchar input1;
  19   1        uchar input2;
  20   1        uchar output1;
  21   1      
  22   1      
  23   1      
  24   1        uchar i;    
  25   1        P0=0x01;
  26   1        while(1){
  27   2          
  28   2              for (i=0;i<8;i++) 
  29   2               {
  30   3                a=a+1; //对移位进行计数*/
  31   3                P1=a;//通过P1口输出a此时的值*/
  32   3                P0=led_pao[i];
  33   3                delay_ms(300);
  34   3      
  35   3                input1=P0;
  36   3                input2=P3;
  37   3                output1=input1+input2;
  38   3                P2=output1;//通过P2口输出加和结果
  39   3      
  40   3      
  41   3              }       
  42   2      
  43   2      
  44   2      
  45   2      
  46   2      
  47   2        }
  48   1      }
  49          
  50          
  51          


MODULE INFORMATION:   STATIC OVERLAYABLE
   CODE SIZE        =     61    ----
C51 COMPILER V9.00   LEDPAO                                                                06/16/2021 11:06:28 PAGE 2   

   CONSTANT SIZE    =      8    ----
   XDATA SIZE       =   ----    ----
   PDATA SIZE       =   ----    ----
   DATA SIZE        =   ----    ----
   IDATA SIZE       =   ----    ----
   BIT SIZE         =   ----    ----
END OF MODULE INFORMATION.


C51 COMPILATION COMPLETE.  0 WARNING(S),  0 ERROR(S)
