Analysis & Synthesis report for Block1
Tue Nov 19 19:40:33 2013
Quartus II Version 9.0 Build 132 02/25/2009 SJ Full Version


---------------------
; Table of Contents ;
---------------------
  1. Legal Notice
  2. Analysis & Synthesis Summary
  3. Analysis & Synthesis Settings
  4. Analysis & Synthesis Source Files Read
  5. Analysis & Synthesis Resource Usage Summary
  6. Analysis & Synthesis Resource Utilization by Entity
  7. User-Specified and Inferred Latches
  8. General Register Statistics
  9. Source assignments for lpm_counter0:inst|lpm_counter:lpm_counter_component
 10. Parameter Settings for User Entity Instance: lpm_latch0:inst9|lpm_latch:lpm_latch_component
 11. Parameter Settings for User Entity Instance: lpm_bustri0:inst11|lpm_bustri:lpm_bustri_component
 12. Parameter Settings for User Entity Instance: lpm_counter0:inst|lpm_counter:lpm_counter_component
 13. Parameter Settings for User Entity Instance: lpm_bustri0:inst10|lpm_bustri:lpm_bustri_component
 14. Analysis & Synthesis Messages



----------------
; Legal Notice ;
----------------
Copyright (C) 1991-2009 Altera Corporation
Your use of Altera Corporation's design tools, logic functions 
and other software and tools, and its AMPP partner logic 
functions, and any output files from any of the foregoing 
(including device programming or simulation files), and any 
associated documentation or information are expressly subject 
to the terms and conditions of the Altera Program License 
Subscription Agreement, Altera MegaCore Function License 
Agreement, or other applicable license agreement, including, 
without limitation, that your use is for the sole purpose of 
programming logic devices manufactured by Altera and sold by 
Altera or its authorized distributors.  Please refer to the 
applicable agreement for further details.



+------------------------------------------------------------------------+
; Analysis & Synthesis Summary                                           ;
+-----------------------------+------------------------------------------+
; Analysis & Synthesis Status ; Successful - Tue Nov 19 19:40:33 2013    ;
; Quartus II Version          ; 9.0 Build 132 02/25/2009 SJ Full Version ;
; Revision Name               ; Block1                                   ;
; Top-level Entity Name       ; Block1                                   ;
; Family                      ; Cyclone                                  ;
; Total logic elements        ; 24                                       ;
; Total pins                  ; 30                                       ;
; Total virtual pins          ; 0                                        ;
; Total memory bits           ; 0                                        ;
; Total PLLs                  ; 0                                        ;
+-----------------------------+------------------------------------------+


+----------------------------------------------------------------------------------------------------------+
; Analysis & Synthesis Settings                                                                            ;
+----------------------------------------------------------------+--------------------+--------------------+
; Option                                                         ; Setting            ; Default Value      ;
+----------------------------------------------------------------+--------------------+--------------------+
; Device                                                         ; EP1C6Q240C8        ;                    ;
; Top-level entity name                                          ; Block1             ; Block1             ;
; Family name                                                    ; Cyclone            ; Stratix II         ;
; Type of Retiming Performed During Resynthesis                  ; Full               ;                    ;
; Resynthesis Optimization Effort                                ; Normal             ;                    ;
; Physical Synthesis Level for Resynthesis                       ; Normal             ;                    ;
; Use Generated Physical Constraints File                        ; On                 ;                    ;
; Use smart compilation                                          ; Off                ; Off                ;
; Restructure Multiplexers                                       ; Auto               ; Auto               ;
; Create Debugging Nodes for IP Cores                            ; Off                ; Off                ;
; Preserve fewer node names                                      ; On                 ; On                 ;
; Disable OpenCore Plus hardware evaluation                      ; Off                ; Off                ;
; Verilog Version                                                ; Verilog_2001       ; Verilog_2001       ;
; VHDL Version                                                   ; VHDL93             ; VHDL93             ;
; State Machine Processing                                       ; Auto               ; Auto               ;
; Safe State Machine                                             ; Off                ; Off                ;
; Extract Verilog State Machines                                 ; On                 ; On                 ;
; Extract VHDL State Machines                                    ; On                 ; On                 ;
; Ignore Verilog initial constructs                              ; Off                ; Off                ;
; Iteration limit for constant Verilog loops                     ; 5000               ; 5000               ;
; Iteration limit for non-constant Verilog loops                 ; 250                ; 250                ;
; Add Pass-Through Logic to Inferred RAMs                        ; On                 ; On                 ;
; Parallel Synthesis                                             ; Off                ; Off                ;
; NOT Gate Push-Back                                             ; On                 ; On                 ;
; Power-Up Don't Care                                            ; On                 ; On                 ;
; Remove Redundant Logic Cells                                   ; Off                ; Off                ;
; Remove Duplicate Registers                                     ; On                 ; On                 ;
; Ignore CARRY Buffers                                           ; Off                ; Off                ;
; Ignore CASCADE Buffers                                         ; Off                ; Off                ;
; Ignore GLOBAL Buffers                                          ; Off                ; Off                ;
; Ignore ROW GLOBAL Buffers                                      ; Off                ; Off                ;
; Ignore LCELL Buffers                                           ; Off                ; Off                ;
; Ignore SOFT Buffers                                            ; On                 ; On                 ;
; Limit AHDL Integers to 32 Bits                                 ; Off                ; Off                ;
; Optimization Technique                                         ; Balanced           ; Balanced           ;
; Carry Chain Length                                             ; 70                 ; 70                 ;
; Auto Carry Chains                                              ; On                 ; On                 ;
; Auto Open-Drain Pins                                           ; On                 ; On                 ;
; Perform WYSIWYG Primitive Resynthesis                          ; Off                ; Off                ;
; Auto ROM Replacement                                           ; On                 ; On                 ;
; Auto RAM Replacement                                           ; On                 ; On                 ;
; Auto Shift Register Replacement                                ; Auto               ; Auto               ;
; Auto Clock Enable Replacement                                  ; On                 ; On                 ;
; Strict RAM Replacement                                         ; Off                ; Off                ;
; Allow Synchronous Control Signals                              ; On                 ; On                 ;
; Force Use of Synchronous Clear Signals                         ; Off                ; Off                ;
; Auto RAM Block Balancing                                       ; On                 ; On                 ;
; Auto RAM to Logic Cell Conversion                              ; Off                ; Off                ;
; Auto Resource Sharing                                          ; Off                ; Off                ;
; Allow Any RAM Size For Recognition                             ; Off                ; Off                ;
; Allow Any ROM Size For Recognition                             ; Off                ; Off                ;
; Allow Any Shift Register Size For Recognition                  ; Off                ; Off                ;
; Use LogicLock Constraints during Resource Balancing            ; On                 ; On                 ;
; Ignore translate_off and synthesis_off directives              ; Off                ; Off                ;
; Show Parameter Settings Tables in Synthesis Report             ; On                 ; On                 ;
; Ignore Maximum Fan-Out Assignments                             ; Off                ; Off                ;
; Synchronization Register Chain Length                          ; 2                  ; 2                  ;
; PowerPlay Power Optimization                                   ; Normal compilation ; Normal compilation ;
; HDL message level                                              ; Level2             ; Level2             ;
; Suppress Register Optimization Related Messages                ; Off                ; Off                ;
; Number of Removed Registers Reported in Synthesis Report       ; 100                ; 100                ;
; Number of Inverted Registers Reported in Synthesis Report      ; 100                ; 100                ;
; Clock MUX Protection                                           ; On                 ; On                 ;
; Block Design Naming                                            ; Auto               ; Auto               ;
; Synthesis Effort                                               ; Auto               ; Auto               ;
; Allows Asynchronous Clear Usage For Shift Register Replacement ; On                 ; On                 ;
; Analysis & Synthesis Message Level                             ; Medium             ; Medium             ;
+----------------------------------------------------------------+--------------------+--------------------+


+----------------------------------------------------------------------------------------------------------------------------------------------------------------+
; Analysis & Synthesis Source Files Read                                                                                                                         ;
+----------------------------------+-----------------+------------------------------------+----------------------------------------------------------------------+
; File Name with User-Entered Path ; Used in Netlist ; File Type                          ; File Name with Absolute Path                                         ;
+----------------------------------+-----------------+------------------------------------+----------------------------------------------------------------------+
; Block1.bdf                       ; yes             ; User Block Diagram/Schematic File  ; D:/PCAR2/Block1.bdf                                                  ;
; lpm_latch0.vhd                   ; yes             ; User Wizard-Generated File         ; D:/PCAR2/lpm_latch0.vhd                                              ;
; lpm_bustri0.vhd                  ; yes             ; User Wizard-Generated File         ; D:/PCAR2/lpm_bustri0.vhd                                             ;
; lpm_counter0.vhd                 ; yes             ; User Wizard-Generated File         ; D:/PCAR2/lpm_counter0.vhd                                            ;
; lpm_latch.tdf                    ; yes             ; Megafunction                       ; c:/altera/90/quartus/libraries/megafunctions/lpm_latch.tdf           ;
; lpm_constant.inc                 ; yes             ; Megafunction                       ; c:/altera/90/quartus/libraries/megafunctions/lpm_constant.inc        ;
; lpm_bustri.tdf                   ; yes             ; Megafunction                       ; c:/altera/90/quartus/libraries/megafunctions/lpm_bustri.tdf          ;
; lpm_counter.tdf                  ; yes             ; Megafunction                       ; c:/altera/90/quartus/libraries/megafunctions/lpm_counter.tdf         ;
; lpm_decode.inc                   ; yes             ; Megafunction                       ; c:/altera/90/quartus/libraries/megafunctions/lpm_decode.inc          ;
; lpm_add_sub.inc                  ; yes             ; Megafunction                       ; c:/altera/90/quartus/libraries/megafunctions/lpm_add_sub.inc         ;
; cmpconst.inc                     ; yes             ; Megafunction                       ; c:/altera/90/quartus/libraries/megafunctions/cmpconst.inc            ;
; lpm_compare.inc                  ; yes             ; Megafunction                       ; c:/altera/90/quartus/libraries/megafunctions/lpm_compare.inc         ;
; lpm_counter.inc                  ; yes             ; Megafunction                       ; c:/altera/90/quartus/libraries/megafunctions/lpm_counter.inc         ;
; dffeea.inc                       ; yes             ; Megafunction                       ; c:/altera/90/quartus/libraries/megafunctions/dffeea.inc              ;
; alt_synch_counter.inc            ; yes             ; Megafunction                       ; c:/altera/90/quartus/libraries/megafunctions/alt_synch_counter.inc   ;
; alt_synch_counter_f.inc          ; yes             ; Megafunction                       ; c:/altera/90/quartus/libraries/megafunctions/alt_synch_counter_f.inc ;
; alt_counter_f10ke.inc            ; yes             ; Megafunction                       ; c:/altera/90/quartus/libraries/megafunctions/alt_counter_f10ke.inc   ;
; alt_counter_stratix.inc          ; yes             ; Megafunction                       ; c:/altera/90/quartus/libraries/megafunctions/alt_counter_stratix.inc ;
; aglobal90.inc                    ; yes             ; Megafunction                       ; c:/altera/90/quartus/libraries/megafunctions/aglobal90.inc           ;
; db/cntr_pqi.tdf                  ; yes             ; Auto-Generated Megafunction        ; D:/PCAR2/db/cntr_pqi.tdf                                             ;
+----------------------------------+-----------------+------------------------------------+----------------------------------------------------------------------+


+-----------------------------------------------------+
; Analysis & Synthesis Resource Usage Summary         ;
+---------------------------------------------+-------+
; Resource                                    ; Usage ;
+---------------------------------------------+-------+
; Total logic elements                        ; 24    ;
;     -- Combinational with no register       ; 16    ;
;     -- Register only                        ; 0     ;
;     -- Combinational with a register        ; 8     ;
;                                             ;       ;
; Logic element usage by number of LUT inputs ;       ;
;     -- 4 input functions                    ; 0     ;
;     -- 3 input functions                    ; 16    ;
;     -- 2 input functions                    ; 7     ;
;     -- 1 input functions                    ; 1     ;
;     -- 0 input functions                    ; 0     ;
;                                             ;       ;
; Logic elements by mode                      ;       ;
;     -- normal mode                          ; 17    ;
;     -- arithmetic mode                      ; 7     ;
;     -- qfbk mode                            ; 0     ;
;     -- register cascade mode                ; 0     ;
;     -- synchronous clear/load mode          ; 8     ;
;     -- asynchronous clear/load mode         ; 8     ;
;                                             ;       ;
; Total registers                             ; 8     ;
; Total logic cells in carry chains           ; 8     ;
; I/O pins                                    ; 30    ;
; Maximum fan-out node                        ; pc_b  ;
; Maximum fan-out                             ; 8     ;
; Total fan-out                               ; 111   ;
; Average fan-out                             ; 2.06  ;
+---------------------------------------------+-------+


+------------------------------------------------------------------------------------------------------------------------------------------------------------------------------------------------------------------------------------------------------------------------------------------------------+
; Analysis & Synthesis Resource Utilization by Entity                                                                                                                                                                                                                                                  ;
+-------------------------------------------+-------------+--------------+-------------+------+--------------+--------------+-------------------+------------------+-----------------+------------+-------------------------------------------------------------------------------------+--------------+
; Compilation Hierarchy Node                ; Logic Cells ; LC Registers ; Memory Bits ; Pins ; Virtual Pins ; LUT-Only LCs ; Register-Only LCs ; LUT/Register LCs ; Carry Chain LCs ; Packed LCs ; Full Hierarchy Name                                                                 ; Library Name ;
+-------------------------------------------+-------------+--------------+-------------+------+--------------+--------------+-------------------+------------------+-----------------+------------+-------------------------------------------------------------------------------------+--------------+
; |Block1                                   ; 24 (8)      ; 8            ; 0           ; 30   ; 0            ; 16 (8)       ; 0 (0)             ; 8 (0)            ; 8 (0)           ; 0 (0)      ; |Block1                                                                             ; work         ;
;    |lpm_counter0:inst|                    ; 8 (0)       ; 8            ; 0           ; 0    ; 0            ; 0 (0)        ; 0 (0)             ; 8 (0)            ; 8 (0)           ; 0 (0)      ; |Block1|lpm_counter0:inst                                                           ; work         ;
;       |lpm_counter:lpm_counter_component| ; 8 (0)       ; 8            ; 0           ; 0    ; 0            ; 0 (0)        ; 0 (0)             ; 8 (0)            ; 8 (0)           ; 0 (0)      ; |Block1|lpm_counter0:inst|lpm_counter:lpm_counter_component                         ; work         ;
;          |cntr_pqi:auto_generated|        ; 8 (8)       ; 8            ; 0           ; 0    ; 0            ; 0 (0)        ; 0 (0)             ; 8 (8)            ; 8 (8)           ; 0 (0)      ; |Block1|lpm_counter0:inst|lpm_counter:lpm_counter_component|cntr_pqi:auto_generated ; work         ;
;    |lpm_latch0:inst9|                     ; 8 (0)       ; 0            ; 0           ; 0    ; 0            ; 8 (0)        ; 0 (0)             ; 0 (0)            ; 0 (0)           ; 0 (0)      ; |Block1|lpm_latch0:inst9                                                            ; work         ;
;       |lpm_latch:lpm_latch_component|     ; 8 (8)       ; 0            ; 0           ; 0    ; 0            ; 8 (8)        ; 0 (0)             ; 0 (0)            ; 0 (0)           ; 0 (0)      ; |Block1|lpm_latch0:inst9|lpm_latch:lpm_latch_component                              ; work         ;
+-------------------------------------------+-------------+--------------+-------------+------+--------------+--------------+-------------------+------------------+-----------------+------------+-------------------------------------------------------------------------------------+--------------+
Note: For table entries with two numbers listed, the numbers in parentheses indicate the number of resources of the given type used by the specific entity alone. The numbers listed outside of parentheses indicate the total resources of the given type used by the specific entity and all of its sub-entities in the hierarchy.


+----------------------------------------------------------------------------------------------------------+
; User-Specified and Inferred Latches                                                                      ;
+-----------------------------------------------------------+---------------------+------------------------+
; Latch Name                                                ; Latch Enable Signal ; Free of Timing Hazards ;
+-----------------------------------------------------------+---------------------+------------------------+
; lpm_latch0:inst9|lpm_latch:lpm_latch_component|latches[7] ; ar_alk              ; yes                    ;
; lpm_latch0:inst9|lpm_latch:lpm_latch_component|latches[6] ; ar_alk              ; yes                    ;
; lpm_latch0:inst9|lpm_latch:lpm_latch_component|latches[5] ; ar_alk              ; yes                    ;
; lpm_latch0:inst9|lpm_latch:lpm_latch_component|latches[4] ; ar_alk              ; yes                    ;
; lpm_latch0:inst9|lpm_latch:lpm_latch_component|latches[3] ; ar_alk              ; yes                    ;
; lpm_latch0:inst9|lpm_latch:lpm_latch_component|latches[2] ; ar_alk              ; yes                    ;
; lpm_latch0:inst9|lpm_latch:lpm_latch_component|latches[1] ; ar_alk              ; yes                    ;
; lpm_latch0:inst9|lpm_latch:lpm_latch_component|latches[0] ; ar_alk              ; yes                    ;
; Number of user-specified and inferred latches = 8         ;                     ;                        ;
+-----------------------------------------------------------+---------------------+------------------------+
Note: All latches listed above may not be present at the end of synthesis due to various synthesis optimizations.


+------------------------------------------------------+
; General Register Statistics                          ;
+----------------------------------------------+-------+
; Statistic                                    ; Value ;
+----------------------------------------------+-------+
; Total registers                              ; 8     ;
; Number of registers using Synchronous Clear  ; 0     ;
; Number of registers using Synchronous Load   ; 8     ;
; Number of registers using Asynchronous Clear ; 8     ;
; Number of registers using Asynchronous Load  ; 0     ;
; Number of registers using Clock Enable       ; 0     ;
; Number of registers using Preset             ; 0     ;
+----------------------------------------------+-------+


+----------------------------------------------------------------------------+
; Source assignments for lpm_counter0:inst|lpm_counter:lpm_counter_component ;
+---------------------------+-------+------+---------------------------------+
; Assignment                ; Value ; From ; To                              ;
+---------------------------+-------+------+---------------------------------+
; SUPPRESS_DA_RULE_INTERNAL ; a101  ; -    ; -                               ;
; SUPPRESS_DA_RULE_INTERNAL ; s102  ; -    ; -                               ;
; SUPPRESS_DA_RULE_INTERNAL ; s103  ; -    ; -                               ;
+---------------------------+-------+------+---------------------------------+


+---------------------------------------------------------------------------------------------+
; Parameter Settings for User Entity Instance: lpm_latch0:inst9|lpm_latch:lpm_latch_component ;
+----------------+--------+-------------------------------------------------------------------+
; Parameter Name ; Value  ; Type                                                              ;
+----------------+--------+-------------------------------------------------------------------+
; LPM_WIDTH      ; 8      ; Signed Integer                                                    ;
; LPM_AVALUE     ; UNUSED ; Untyped                                                           ;
+----------------+--------+-------------------------------------------------------------------+
Note: In order to hide this table in the UI and the text report file, please set the "Show Parameter Settings Tables in Synthesis Report" option in "Analysis and Synthesis Settings -> More Settings" to "Off".


+-------------------------------------------------------------------------------------------------+
; Parameter Settings for User Entity Instance: lpm_bustri0:inst11|lpm_bustri:lpm_bustri_component ;
+----------------+-------+------------------------------------------------------------------------+
; Parameter Name ; Value ; Type                                                                   ;
+----------------+-------+------------------------------------------------------------------------+
; LPM_WIDTH      ; 8     ; Signed Integer                                                         ;
+----------------+-------+------------------------------------------------------------------------+
Note: In order to hide this table in the UI and the text report file, please set the "Show Parameter Settings Tables in Synthesis Report" option in "Analysis and Synthesis Settings -> More Settings" to "Off".


+--------------------------------------------------------------------------------------------------+
; Parameter Settings for User Entity Instance: lpm_counter0:inst|lpm_counter:lpm_counter_component ;
+------------------------+-------------+-----------------------------------------------------------+
; Parameter Name         ; Value       ; Type                                                      ;
+------------------------+-------------+-----------------------------------------------------------+
; AUTO_CARRY_CHAINS      ; ON          ; AUTO_CARRY                                                ;
; IGNORE_CARRY_BUFFERS   ; OFF         ; IGNORE_CARRY                                              ;
; AUTO_CASCADE_CHAINS    ; ON          ; AUTO_CASCADE                                              ;
; IGNORE_CASCADE_BUFFERS ; OFF         ; IGNORE_CASCADE                                            ;
; LPM_WIDTH              ; 8           ; Signed Integer                                            ;
; LPM_DIRECTION          ; UP          ; Untyped                                                   ;
; LPM_MODULUS            ; 0           ; Untyped                                                   ;
; LPM_AVALUE             ; UNUSED      ; Untyped                                                   ;
; LPM_SVALUE             ; UNUSED      ; Untyped                                                   ;
; LPM_PORT_UPDOWN        ; PORT_UNUSED ; Untyped                                                   ;
; DEVICE_FAMILY          ; Cyclone     ; Untyped                                                   ;
; CARRY_CHAIN            ; MANUAL      ; Untyped                                                   ;
; CARRY_CHAIN_LENGTH     ; 48          ; CARRY_CHAIN_LENGTH                                        ;
; NOT_GATE_PUSH_BACK     ; ON          ; NOT_GATE_PUSH_BACK                                        ;
; CARRY_CNT_EN           ; SMART       ; Untyped                                                   ;
; LABWIDE_SCLR           ; ON          ; Untyped                                                   ;
; USE_NEW_VERSION        ; TRUE        ; Untyped                                                   ;
; CBXI_PARAMETER         ; cntr_pqi    ; Untyped                                                   ;
+------------------------+-------------+-----------------------------------------------------------+
Note: In order to hide this table in the UI and the text report file, please set the "Show Parameter Settings Tables in Synthesis Report" option in "Analysis and Synthesis Settings -> More Settings" to "Off".


+-------------------------------------------------------------------------------------------------+
; Parameter Settings for User Entity Instance: lpm_bustri0:inst10|lpm_bustri:lpm_bustri_component ;
+----------------+-------+------------------------------------------------------------------------+
; Parameter Name ; Value ; Type                                                                   ;
+----------------+-------+------------------------------------------------------------------------+
; LPM_WIDTH      ; 8     ; Signed Integer                                                         ;
+----------------+-------+------------------------------------------------------------------------+
Note: In order to hide this table in the UI and the text report file, please set the "Show Parameter Settings Tables in Synthesis Report" option in "Analysis and Synthesis Settings -> More Settings" to "Off".


+-------------------------------+
; Analysis & Synthesis Messages ;
+-------------------------------+
Info: *******************************************************************
Info: Running Quartus II Analysis & Synthesis
    Info: Version 9.0 Build 132 02/25/2009 SJ Full Version
    Info: Processing started: Tue Nov 19 19:40:30 2013
Info: Command: quartus_map --read_settings_files=on --write_settings_files=off Block1 -c Block1
Info: Found 1 design units, including 1 entities, in source file Block1.bdf
    Info: Found entity 1: Block1
Info: Found 2 design units, including 1 entities, in source file lpm_latch0.vhd
    Info: Found design unit 1: lpm_latch0-SYN
    Info: Found entity 1: lpm_latch0
Info: Found 2 design units, including 1 entities, in source file lpm_bustri0.vhd
    Info: Found design unit 1: lpm_bustri0-SYN
    Info: Found entity 1: lpm_bustri0
Info: Found 2 design units, including 1 entities, in source file lpm_counter0.vhd
    Info: Found design unit 1: lpm_counter0-SYN
    Info: Found entity 1: lpm_counter0
Info: Elaborating entity "Block1" for the top level hierarchy
Info: Elaborating entity "lpm_latch0" for hierarchy "lpm_latch0:inst9"
Info: Elaborating entity "lpm_latch" for hierarchy "lpm_latch0:inst9|lpm_latch:lpm_latch_component"
Info: Elaborated megafunction instantiation "lpm_latch0:inst9|lpm_latch:lpm_latch_component"
Info: Instantiated megafunction "lpm_latch0:inst9|lpm_latch:lpm_latch_component" with the following parameter:
    Info: Parameter "lpm_type" = "LPM_LATCH"
    Info: Parameter "lpm_width" = "8"
Info: Elaborating entity "lpm_bustri0" for hierarchy "lpm_bustri0:inst11"
Info: Elaborating entity "lpm_bustri" for hierarchy "lpm_bustri0:inst11|lpm_bustri:lpm_bustri_component"
Info: Elaborated megafunction instantiation "lpm_bustri0:inst11|lpm_bustri:lpm_bustri_component"
Info: Instantiated megafunction "lpm_bustri0:inst11|lpm_bustri:lpm_bustri_component" with the following parameter:
    Info: Parameter "lpm_type" = "LPM_BUSTRI"
    Info: Parameter "lpm_width" = "8"
Info: Elaborating entity "lpm_counter0" for hierarchy "lpm_counter0:inst"
Info: Elaborating entity "lpm_counter" for hierarchy "lpm_counter0:inst|lpm_counter:lpm_counter_component"
Info: Elaborated megafunction instantiation "lpm_counter0:inst|lpm_counter:lpm_counter_component"
Info: Instantiated megafunction "lpm_counter0:inst|lpm_counter:lpm_counter_component" with the following parameter:
    Info: Parameter "lpm_direction" = "UP"
    Info: Parameter "lpm_port_updown" = "PORT_UNUSED"
    Info: Parameter "lpm_type" = "LPM_COUNTER"
    Info: Parameter "lpm_width" = "8"
Info: Found 1 design units, including 1 entities, in source file db/cntr_pqi.tdf
    Info: Found entity 1: cntr_pqi
Info: Elaborating entity "cntr_pqi" for hierarchy "lpm_counter0:inst|lpm_counter:lpm_counter_component|cntr_pqi:auto_generated"
Warning: Tri-state node(s) do not directly drive top-level pin(s)
    Warning: Converted tri-state node "gdfx_temp0[7]" into a selector
    Warning: Converted tri-state node "gdfx_temp0[6]" into a selector
    Warning: Converted tri-state node "gdfx_temp0[5]" into a selector
    Warning: Converted tri-state node "gdfx_temp0[4]" into a selector
    Warning: Converted tri-state node "gdfx_temp0[3]" into a selector
    Warning: Converted tri-state node "gdfx_temp0[2]" into a selector
    Warning: Converted tri-state node "gdfx_temp0[1]" into a selector
    Warning: Converted tri-state node "gdfx_temp0[0]" into a selector
Warning: Design contains 1 input pin(s) that do not drive logic
    Warning (15610): No output dependent on input pin "input_b"
Info: Implemented 54 device resources after synthesis - the final resource count might be different
    Info: Implemented 14 input pins
    Info: Implemented 16 output pins
    Info: Implemented 24 logic cells
Info: Quartus II Analysis & Synthesis was successful. 0 errors, 11 warnings
    Info: Peak virtual memory: 190 megabytes
    Info: Processing ended: Tue Nov 19 19:40:33 2013
    Info: Elapsed time: 00:00:03
    Info: Total CPU time (on all processors): 00:00:03


