Flow report for exp5_2
Fri Apr 05 04:00:00 2024
Quartus II 64-Bit Version 13.1.0 Build 162 10/23/2013 SJ Full Version


---------------------
; Table of Contents ;
---------------------
  1. Legal Notice
  2. Flow Summary
  3. Flow Settings
  4. Flow Non-Default Global Settings
  5. Flow Elapsed Time
  6. Flow OS Summary
  7. Flow Log
  8. Flow Messages
  9. Flow Suppressed Messages



----------------
; Legal Notice ;
----------------
Copyright (C) 1991-2013 Altera Corporation
Your use of Altera Corporation's design tools, logic functions 
and other software and tools, and its AMPP partner logic 
functions, and any output files from any of the foregoing 
(including device programming or simulation files), and any 
associated documentation or information are expressly subject 
to the terms and conditions of the Altera Program License 
Subscription Agreement, Altera MegaCore Function License 
Agreement, or other applicable license agreement, including, 
without limitation, that your use is for the sole purpose of 
programming logic devices manufactured by Altera and sold by 
Altera or its authorized distributors.  Please refer to the 
applicable agreement for further details.



+----------------------------------------------------------------------------------+
; Flow Summary                                                                     ;
+------------------------------------+---------------------------------------------+
; Flow Status                        ; Successful - Fri Apr 05 04:00:00 2024       ;
; Quartus II 64-Bit Version          ; 13.1.0 Build 162 10/23/2013 SJ Full Version ;
; Revision Name                      ; exp5_2                                      ;
; Top-level Entity Name              ; uA_reg                                      ;
; Family                             ; Cyclone IV E                                ;
; Device                             ; EP4CE6E22C8                                 ;
; Timing Models                      ; Final                                       ;
; Total logic elements               ; 24 / 6,272 ( < 1 % )                        ;
;     Total combinational functions  ; 24 / 6,272 ( < 1 % )                        ;
;     Dedicated logic registers      ; 6 / 6,272 ( < 1 % )                         ;
; Total registers                    ; 6                                           ;
; Total pins                         ; 20 / 92 ( 22 % )                            ;
; Total virtual pins                 ; 0                                           ;
; Total memory bits                  ; 0 / 276,480 ( 0 % )                         ;
; Embedded Multiplier 9-bit elements ; 0 / 30 ( 0 % )                              ;
; Total PLLs                         ; 0 / 2 ( 0 % )                               ;
+------------------------------------+---------------------------------------------+


+-----------------------------------------+
; Flow Settings                           ;
+-------------------+---------------------+
; Option            ; Setting             ;
+-------------------+---------------------+
; Start date & time ; 11/14/2023 09:47:47 ;
; Main task         ; Compilation         ;
; Revision Name     ; exp5_2              ;
+-------------------+---------------------+


+-------------------------------------------------------------------------------------------------------------------+
; Flow Non-Default Global Settings                                                                                  ;
+-------------------------------------+------------------------------+---------------+-------------+----------------+
; Assignment Name                     ; Value                        ; Default Value ; Entity Name ; Section Id     ;
+-------------------------------------+------------------------------+---------------+-------------+----------------+
; COMPILER_SIGNATURE_ID               ; 345052807169.169992646711588 ; --            ; --          ; --             ;
; EDA_OUTPUT_DATA_FORMAT              ; Vhdl                         ; --            ; --          ; eda_simulation ;
; EDA_SIMULATION_TOOL                 ; ModelSim-Altera (VHDL)       ; <None>        ; --          ; --             ;
; MAX_CORE_JUNCTION_TEMP              ; 85                           ; --            ; --          ; --             ;
; MIN_CORE_JUNCTION_TEMP              ; 0                            ; --            ; --          ; --             ;
; NOMINAL_CORE_SUPPLY_VOLTAGE         ; 1.2V                         ; --            ; --          ; --             ;
; PARTITION_COLOR                     ; 16764057                     ; --            ; uA_reg      ; Top            ;
; PARTITION_FITTER_PRESERVATION_LEVEL ; PLACEMENT_AND_ROUTING        ; --            ; uA_reg      ; Top            ;
; PARTITION_NETLIST_TYPE              ; SOURCE                       ; --            ; uA_reg      ; Top            ;
; PROJECT_OUTPUT_DIRECTORY            ; output_files                 ; --            ; --          ; --             ;
; TOP_LEVEL_ENTITY                    ; uA_reg                       ; exp5_2        ; --          ; --             ;
+-------------------------------------+------------------------------+---------------+-------------+----------------+


+-------------------------------------------------------------------------------------------------------------------------------+
; Flow Elapsed Time                                                                                                             ;
+---------------------------+--------------+-------------------------+---------------------+------------------------------------+
; Module Name               ; Elapsed Time ; Average Processors Used ; Peak Virtual Memory ; Total CPU Time (on all processors) ;
+---------------------------+--------------+-------------------------+---------------------+------------------------------------+
; Analysis & Synthesis      ; 00:00:04     ; 1.0                     ; 4641 MB             ; 00:00:00                           ;
; Fitter                    ; 00:00:07     ; 1.6                     ; 5371 MB             ; 00:00:02                           ;
; Assembler                 ; 00:00:01     ; 1.0                     ; 4584 MB             ; 00:00:00                           ;
; TimeQuest Timing Analyzer ; 00:00:03     ; 1.0                     ; 4674 MB             ; 00:00:00                           ;
; EDA Netlist Writer        ; 00:00:01     ; 1.0                     ; 4555 MB             ; 00:00:00                           ;
; EDA Netlist Writer        ; 00:00:00     ; 1.0                     ; 4556 MB             ; 00:00:00                           ;
; EDA Netlist Writer        ; 00:00:01     ; 1.0                     ; 4556 MB             ; 00:00:00                           ;
; Total                     ; 00:00:17     ; --                      ; --                  ; 00:00:02                           ;
+---------------------------+--------------+-------------------------+---------------------+------------------------------------+


+----------------------------------------------------------------------------------------+
; Flow OS Summary                                                                        ;
+---------------------------+------------------+-----------+------------+----------------+
; Module Name               ; Machine Hostname ; OS Name   ; OS Version ; Processor type ;
+---------------------------+------------------+-----------+------------+----------------+
; Analysis & Synthesis      ; Null             ; Windows 7 ; 6.2        ; x86_64         ;
; Fitter                    ; Null             ; Windows 7 ; 6.2        ; x86_64         ;
; Assembler                 ; Null             ; Windows 7 ; 6.2        ; x86_64         ;
; TimeQuest Timing Analyzer ; Null             ; Windows 7 ; 6.2        ; x86_64         ;
; EDA Netlist Writer        ; Null             ; Windows 7 ; 6.2        ; x86_64         ;
; EDA Netlist Writer        ; Null             ; Windows 7 ; 6.2        ; x86_64         ;
; EDA Netlist Writer        ; Null             ; Windows 7 ; 6.2        ; x86_64         ;
+---------------------------+------------------+-----------+------------+----------------+


------------
; Flow Log ;
------------
quartus_map --read_settings_files=on --write_settings_files=off exp5_2 -c exp5_2
quartus_fit --read_settings_files=off --write_settings_files=off exp5_2 -c exp5_2
quartus_asm --read_settings_files=off --write_settings_files=off exp5_2 -c exp5_2
quartus_sta exp5_2 -c exp5_2
quartus_eda --read_settings_files=off --write_settings_files=off exp5_2 -c exp5_2
quartus_eda --gen_testbench --check_outputs=on --tool=modelsim_oem --format=verilog exp5_2 -c exp5_2 --vector_source=C:/Users/ZiJie/Desktop/COAexp/exp5/5-2/Waveform.vwf --testbench_file=C:/Users/ZiJie/Desktop/COAexp/exp5/5-2/simulation/qsim/Waveform.vwf.vt
quartus_eda --functional=on --flatten_buses=off --simulation=on --tool=modelsim_oem --format=verilog --output_directory=C:/Users/ZiJie/Desktop/COAexp/exp5/5-2/simulation/qsim/ exp5_2 -c exp5_2



