Analysis & Synthesis report for PC
Wed Nov 08 16:02:59 2023
Quartus II 64-Bit Version 13.1.0 Build 162 10/23/2013 SJ Full Version


---------------------
; Table of Contents ;
---------------------
  1. Legal Notice
  2. Analysis & Synthesis Summary
  3. Analysis & Synthesis Settings
  4. Parallel Compilation
  5. Analysis & Synthesis Source Files Read
  6. Analysis & Synthesis Resource Usage Summary
  7. Analysis & Synthesis Resource Utilization by Entity
  8. Analysis & Synthesis IP Cores Summary
  9. Logic Cells Representing Combinational Loops
 10. General Register Statistics
 11. Parameter Settings for User Entity Instance: BUSMUX:inst1
 12. Parameter Settings for User Entity Instance: lpm_counter0:inst|lpm_counter:LPM_COUNTER_component
 13. Elapsed Time Per Partition
 14. Analysis & Synthesis Messages



----------------
; Legal Notice ;
----------------
Copyright (C) 1991-2013 Altera Corporation
Your use of Altera Corporation's design tools, logic functions 
and other software and tools, and its AMPP partner logic 
functions, and any output files from any of the foregoing 
(including device programming or simulation files), and any 
associated documentation or information are expressly subject 
to the terms and conditions of the Altera Program License 
Subscription Agreement, Altera MegaCore Function License 
Agreement, or other applicable license agreement, including, 
without limitation, that your use is for the sole purpose of 
programming logic devices manufactured by Altera and sold by 
Altera or its authorized distributors.  Please refer to the 
applicable agreement for further details.



+----------------------------------------------------------------------------------+
; Analysis & Synthesis Summary                                                     ;
+------------------------------------+---------------------------------------------+
; Analysis & Synthesis Status        ; Successful - Wed Nov 08 16:02:59 2023       ;
; Quartus II 64-Bit Version          ; 13.1.0 Build 162 10/23/2013 SJ Full Version ;
; Revision Name                      ; PC                                          ;
; Top-level Entity Name              ; PC                                          ;
; Family                             ; Cyclone IV E                                ;
; Total logic elements               ; 43                                          ;
;     Total combinational functions  ; 43                                          ;
;     Dedicated logic registers      ; 16                                          ;
; Total registers                    ; 16                                          ;
; Total pins                         ; 28                                          ;
; Total virtual pins                 ; 0                                           ;
; Total memory bits                  ; 0                                           ;
; Embedded Multiplier 9-bit elements ; 0                                           ;
; Total PLLs                         ; 0                                           ;
+------------------------------------+---------------------------------------------+


+----------------------------------------------------------------------------------------------------------------------+
; Analysis & Synthesis Settings                                                                                        ;
+----------------------------------------------------------------------------+--------------------+--------------------+
; Option                                                                     ; Setting            ; Default Value      ;
+----------------------------------------------------------------------------+--------------------+--------------------+
; Device                                                                     ; EP4CE6E22C8        ;                    ;
; Top-level entity name                                                      ; PC                 ; PC                 ;
; Family name                                                                ; Cyclone IV E       ; Cyclone IV GX      ;
; Use smart compilation                                                      ; Off                ; Off                ;
; Enable parallel Assembler and TimeQuest Timing Analyzer during compilation ; On                 ; On                 ;
; Enable compact report table                                                ; Off                ; Off                ;
; Restructure Multiplexers                                                   ; Auto               ; Auto               ;
; Create Debugging Nodes for IP Cores                                        ; Off                ; Off                ;
; Preserve fewer node names                                                  ; On                 ; On                 ;
; Disable OpenCore Plus hardware evaluation                                  ; Off                ; Off                ;
; Verilog Version                                                            ; Verilog_2001       ; Verilog_2001       ;
; VHDL Version                                                               ; VHDL_1993          ; VHDL_1993          ;
; State Machine Processing                                                   ; Auto               ; Auto               ;
; Safe State Machine                                                         ; Off                ; Off                ;
; Extract Verilog State Machines                                             ; On                 ; On                 ;
; Extract VHDL State Machines                                                ; On                 ; On                 ;
; Ignore Verilog initial constructs                                          ; Off                ; Off                ;
; Iteration limit for constant Verilog loops                                 ; 5000               ; 5000               ;
; Iteration limit for non-constant Verilog loops                             ; 250                ; 250                ;
; Add Pass-Through Logic to Inferred RAMs                                    ; On                 ; On                 ;
; Infer RAMs from Raw Logic                                                  ; On                 ; On                 ;
; Parallel Synthesis                                                         ; On                 ; On                 ;
; DSP Block Balancing                                                        ; Auto               ; Auto               ;
; NOT Gate Push-Back                                                         ; On                 ; On                 ;
; Power-Up Don't Care                                                        ; On                 ; On                 ;
; Remove Redundant Logic Cells                                               ; Off                ; Off                ;
; Remove Duplicate Registers                                                 ; On                 ; On                 ;
; Ignore CARRY Buffers                                                       ; Off                ; Off                ;
; Ignore CASCADE Buffers                                                     ; Off                ; Off                ;
; Ignore GLOBAL Buffers                                                      ; Off                ; Off                ;
; Ignore ROW GLOBAL Buffers                                                  ; Off                ; Off                ;
; Ignore LCELL Buffers                                                       ; Off                ; Off                ;
; Ignore SOFT Buffers                                                        ; On                 ; On                 ;
; Limit AHDL Integers to 32 Bits                                             ; Off                ; Off                ;
; Optimization Technique                                                     ; Balanced           ; Balanced           ;
; Carry Chain Length                                                         ; 70                 ; 70                 ;
; Auto Carry Chains                                                          ; On                 ; On                 ;
; Auto Open-Drain Pins                                                       ; On                 ; On                 ;
; Perform WYSIWYG Primitive Resynthesis                                      ; Off                ; Off                ;
; Auto ROM Replacement                                                       ; On                 ; On                 ;
; Auto RAM Replacement                                                       ; On                 ; On                 ;
; Auto DSP Block Replacement                                                 ; On                 ; On                 ;
; Auto Shift Register Replacement                                            ; Auto               ; Auto               ;
; Allow Shift Register Merging across Hierarchies                            ; Auto               ; Auto               ;
; Auto Clock Enable Replacement                                              ; On                 ; On                 ;
; Strict RAM Replacement                                                     ; Off                ; Off                ;
; Allow Synchronous Control Signals                                          ; On                 ; On                 ;
; Force Use of Synchronous Clear Signals                                     ; Off                ; Off                ;
; Auto RAM Block Balancing                                                   ; On                 ; On                 ;
; Auto RAM to Logic Cell Conversion                                          ; Off                ; Off                ;
; Auto Resource Sharing                                                      ; Off                ; Off                ;
; Allow Any RAM Size For Recognition                                         ; Off                ; Off                ;
; Allow Any ROM Size For Recognition                                         ; Off                ; Off                ;
; Allow Any Shift Register Size For Recognition                              ; Off                ; Off                ;
; Use LogicLock Constraints during Resource Balancing                        ; On                 ; On                 ;
; Ignore translate_off and synthesis_off directives                          ; Off                ; Off                ;
; Timing-Driven Synthesis                                                    ; On                 ; On                 ;
; Report Parameter Settings                                                  ; On                 ; On                 ;
; Report Source Assignments                                                  ; On                 ; On                 ;
; Report Connectivity Checks                                                 ; On                 ; On                 ;
; Ignore Maximum Fan-Out Assignments                                         ; Off                ; Off                ;
; Synchronization Register Chain Length                                      ; 2                  ; 2                  ;
; PowerPlay Power Optimization                                               ; Normal compilation ; Normal compilation ;
; HDL message level                                                          ; Level2             ; Level2             ;
; Suppress Register Optimization Related Messages                            ; Off                ; Off                ;
; Number of Removed Registers Reported in Synthesis Report                   ; 5000               ; 5000               ;
; Number of Swept Nodes Reported in Synthesis Report                         ; 5000               ; 5000               ;
; Number of Inverted Registers Reported in Synthesis Report                  ; 100                ; 100                ;
; Clock MUX Protection                                                       ; On                 ; On                 ;
; Auto Gated Clock Conversion                                                ; Off                ; Off                ;
; Block Design Naming                                                        ; Auto               ; Auto               ;
; SDC constraint protection                                                  ; Off                ; Off                ;
; Synthesis Effort                                                           ; Auto               ; Auto               ;
; Shift Register Replacement - Allow Asynchronous Clear Signal               ; On                 ; On                 ;
; Pre-Mapping Resynthesis Optimization                                       ; Off                ; Off                ;
; Analysis & Synthesis Message Level                                         ; Medium             ; Medium             ;
; Disable Register Merging Across Hierarchies                                ; Auto               ; Auto               ;
; Resource Aware Inference For Block RAM                                     ; On                 ; On                 ;
; Synthesis Seed                                                             ; 1                  ; 1                  ;
+----------------------------------------------------------------------------+--------------------+--------------------+


+------------------------------------------+
; Parallel Compilation                     ;
+----------------------------+-------------+
; Processors                 ; Number      ;
+----------------------------+-------------+
; Number detected on machine ; 20          ;
; Maximum allowed            ; 14          ;
;                            ;             ;
; Average used               ; 1.00        ;
; Maximum used               ; 1           ;
;                            ;             ;
; Usage by Processor         ; % Time Used ;
;     Processor 1            ; 100.0%      ;
;     Processors 2-20        ;   0.0%      ;
+----------------------------+-------------+


+------------------------------------------------------------------------------------------------------------------------------------------------------------------------+
; Analysis & Synthesis Source Files Read                                                                                                                                 ;
+----------------------------------+-----------------+------------------------------------+--------------------------------------------------------------------+---------+
; File Name with User-Entered Path ; Used in Netlist ; File Type                          ; File Name with Absolute Path                                       ; Library ;
+----------------------------------+-----------------+------------------------------------+--------------------------------------------------------------------+---------+
; lpm_counter0.vhd                 ; yes             ; User Wizard-Generated File         ; E:/quartus/homework/exp4/lpm_counter0.vhd                          ;         ;
; PC/PC.bdf                        ; yes             ; User Block Diagram/Schematic File  ; E:/quartus/homework/exp4/PC/PC.bdf                                 ;         ;
; busmux.tdf                       ; yes             ; Megafunction                       ; e:/quartus/quartus/libraries/megafunctions/busmux.tdf              ;         ;
; lpm_mux.inc                      ; yes             ; Megafunction                       ; e:/quartus/quartus/libraries/megafunctions/lpm_mux.inc             ;         ;
; lpm_mux.tdf                      ; yes             ; Megafunction                       ; e:/quartus/quartus/libraries/megafunctions/lpm_mux.tdf             ;         ;
; aglobal131.inc                   ; yes             ; Megafunction                       ; e:/quartus/quartus/libraries/megafunctions/aglobal131.inc          ;         ;
; muxlut.inc                       ; yes             ; Megafunction                       ; e:/quartus/quartus/libraries/megafunctions/muxlut.inc              ;         ;
; bypassff.inc                     ; yes             ; Megafunction                       ; e:/quartus/quartus/libraries/megafunctions/bypassff.inc            ;         ;
; altshift.inc                     ; yes             ; Megafunction                       ; e:/quartus/quartus/libraries/megafunctions/altshift.inc            ;         ;
; db/mux_erc.tdf                   ; yes             ; Auto-Generated Megafunction        ; E:/quartus/homework/exp4/db/mux_erc.tdf                            ;         ;
; lpm_counter.tdf                  ; yes             ; Megafunction                       ; e:/quartus/quartus/libraries/megafunctions/lpm_counter.tdf         ;         ;
; lpm_constant.inc                 ; yes             ; Megafunction                       ; e:/quartus/quartus/libraries/megafunctions/lpm_constant.inc        ;         ;
; lpm_decode.inc                   ; yes             ; Megafunction                       ; e:/quartus/quartus/libraries/megafunctions/lpm_decode.inc          ;         ;
; lpm_add_sub.inc                  ; yes             ; Megafunction                       ; e:/quartus/quartus/libraries/megafunctions/lpm_add_sub.inc         ;         ;
; cmpconst.inc                     ; yes             ; Megafunction                       ; e:/quartus/quartus/libraries/megafunctions/cmpconst.inc            ;         ;
; lpm_compare.inc                  ; yes             ; Megafunction                       ; e:/quartus/quartus/libraries/megafunctions/lpm_compare.inc         ;         ;
; lpm_counter.inc                  ; yes             ; Megafunction                       ; e:/quartus/quartus/libraries/megafunctions/lpm_counter.inc         ;         ;
; dffeea.inc                       ; yes             ; Megafunction                       ; e:/quartus/quartus/libraries/megafunctions/dffeea.inc              ;         ;
; alt_counter_stratix.inc          ; yes             ; Megafunction                       ; e:/quartus/quartus/libraries/megafunctions/alt_counter_stratix.inc ;         ;
; db/cntr_b6j.tdf                  ; yes             ; Auto-Generated Megafunction        ; E:/quartus/homework/exp4/db/cntr_b6j.tdf                           ;         ;
+----------------------------------+-----------------+------------------------------------+--------------------------------------------------------------------+---------+


+--------------------------------------------------------+
; Analysis & Synthesis Resource Usage Summary            ;
+---------------------------------------------+----------+
; Resource                                    ; Usage    ;
+---------------------------------------------+----------+
; Estimated Total logic elements              ; 43       ;
;                                             ;          ;
; Total combinational functions               ; 43       ;
; Logic element usage by number of LUT inputs ;          ;
;     -- 4 input functions                    ; 16       ;
;     -- 3 input functions                    ; 2        ;
;     -- <=2 input functions                  ; 25       ;
;                                             ;          ;
; Logic elements by mode                      ;          ;
;     -- normal mode                          ; 36       ;
;     -- arithmetic mode                      ; 7        ;
;                                             ;          ;
; Total registers                             ; 16       ;
;     -- Dedicated logic registers            ; 16       ;
;     -- I/O registers                        ; 0        ;
;                                             ;          ;
; I/O pins                                    ; 28       ;
; Embedded Multiplier 9-bit elements          ; 0        ;
; Maximum fan-out node                        ; T4~input ;
; Maximum fan-out                             ; 16       ;
; Total fan-out                               ; 203      ;
; Average fan-out                             ; 1.77     ;
+---------------------------------------------+----------+


+--------------------------------------------------------------------------------------------------------------------------------------------------------------------------------------------------------------------------------------------------------+
; Analysis & Synthesis Resource Utilization by Entity                                                                                                                                                                                                    ;
+-------------------------------------------+-------------------+--------------+-------------+--------------+---------+-----------+------+--------------+---------------------------------------------------------------------------------+--------------+
; Compilation Hierarchy Node                ; LC Combinationals ; LC Registers ; Memory Bits ; DSP Elements ; DSP 9x9 ; DSP 18x18 ; Pins ; Virtual Pins ; Full Hierarchy Name                                                             ; Library Name ;
+-------------------------------------------+-------------------+--------------+-------------+--------------+---------+-----------+------+--------------+---------------------------------------------------------------------------------+--------------+
; |PC                                       ; 43 (0)            ; 16 (8)       ; 0           ; 0            ; 0       ; 0         ; 28   ; 0            ; |PC                                                                             ; work         ;
;    |busmux:inst1|                         ; 10 (0)            ; 0 (0)        ; 0           ; 0            ; 0       ; 0         ; 0    ; 0            ; |PC|busmux:inst1                                                                ; work         ;
;       |lpm_mux:$00000|                    ; 10 (0)            ; 0 (0)        ; 0           ; 0            ; 0       ; 0         ; 0    ; 0            ; |PC|busmux:inst1|lpm_mux:$00000                                                 ; work         ;
;          |mux_erc:auto_generated|         ; 10 (10)           ; 0 (0)        ; 0           ; 0            ; 0       ; 0         ; 0    ; 0            ; |PC|busmux:inst1|lpm_mux:$00000|mux_erc:auto_generated                          ; work         ;
;    |lpm_counter0:inst|                    ; 33 (0)            ; 8 (0)        ; 0           ; 0            ; 0       ; 0         ; 0    ; 0            ; |PC|lpm_counter0:inst                                                           ; work         ;
;       |lpm_counter:LPM_COUNTER_component| ; 33 (0)            ; 8 (0)        ; 0           ; 0            ; 0       ; 0         ; 0    ; 0            ; |PC|lpm_counter0:inst|lpm_counter:LPM_COUNTER_component                         ; work         ;
;          |cntr_b6j:auto_generated|        ; 33 (33)           ; 8 (8)        ; 0           ; 0            ; 0       ; 0         ; 0    ; 0            ; |PC|lpm_counter0:inst|lpm_counter:LPM_COUNTER_component|cntr_b6j:auto_generated ; work         ;
+-------------------------------------------+-------------------+--------------+-------------+--------------+---------+-----------+------+--------------+---------------------------------------------------------------------------------+--------------+
Note: For table entries with two numbers listed, the numbers in parentheses indicate the number of resources of the given type used by the specific entity alone. The numbers listed outside of parentheses indicate the total resources of the given type used by the specific entity and all of its sub-entities in the hierarchy.


+-----------------------------------------------------------------------------------------------------------------------------------+
; Analysis & Synthesis IP Cores Summary                                                                                             ;
+--------+--------------+---------+--------------+--------------+-----------------------+-------------------------------------------+
; Vendor ; IP Core Name ; Version ; Release Date ; License Type ; Entity Instance       ; IP Include File                           ;
+--------+--------------+---------+--------------+--------------+-----------------------+-------------------------------------------+
; Altera ; LPM_COUNTER  ; 13.1    ; N/A          ; N/A          ; |PC|lpm_counter0:inst ; E:/quartus/homework/exp4/lpm_counter0.vhd ;
+--------+--------------+---------+--------------+--------------+-----------------------+-------------------------------------------+


+---------------------------------------------------------------------------------------------------+
; Logic Cells Representing Combinational Loops                                                      ;
+-----------------------------------------------------------------------------------------------+---+
; Logic Cell Name                                                                               ;   ;
+-----------------------------------------------------------------------------------------------+---+
; lpm_counter0:inst|lpm_counter:LPM_COUNTER_component|cntr_b6j:auto_generated|latch_signal[7]~0 ;   ;
; lpm_counter0:inst|lpm_counter:LPM_COUNTER_component|cntr_b6j:auto_generated|latch_signal[6]~1 ;   ;
; lpm_counter0:inst|lpm_counter:LPM_COUNTER_component|cntr_b6j:auto_generated|latch_signal[5]~2 ;   ;
; lpm_counter0:inst|lpm_counter:LPM_COUNTER_component|cntr_b6j:auto_generated|latch_signal[4]~3 ;   ;
; lpm_counter0:inst|lpm_counter:LPM_COUNTER_component|cntr_b6j:auto_generated|latch_signal[3]~4 ;   ;
; lpm_counter0:inst|lpm_counter:LPM_COUNTER_component|cntr_b6j:auto_generated|latch_signal[2]~5 ;   ;
; lpm_counter0:inst|lpm_counter:LPM_COUNTER_component|cntr_b6j:auto_generated|latch_signal[1]~6 ;   ;
; lpm_counter0:inst|lpm_counter:LPM_COUNTER_component|cntr_b6j:auto_generated|latch_signal[0]~7 ;   ;
; Number of logic cells representing combinational loops                                        ; 8 ;
+-----------------------------------------------------------------------------------------------+---+
Note: All cells listed above may not be present at the end of synthesis due to various synthesis optimizations.


+------------------------------------------------------+
; General Register Statistics                          ;
+----------------------------------------------+-------+
; Statistic                                    ; Value ;
+----------------------------------------------+-------+
; Total registers                              ; 16    ;
; Number of registers using Synchronous Clear  ; 0     ;
; Number of registers using Synchronous Load   ; 0     ;
; Number of registers using Asynchronous Clear ; 8     ;
; Number of registers using Asynchronous Load  ; 0     ;
; Number of registers using Clock Enable       ; 0     ;
; Number of registers using Preset             ; 0     ;
+----------------------------------------------+-------+


+-----------------------------------------------------------+
; Parameter Settings for User Entity Instance: BUSMUX:inst1 ;
+----------------+-------+----------------------------------+
; Parameter Name ; Value ; Type                             ;
+----------------+-------+----------------------------------+
; WIDTH          ; 8     ; Signed Integer                   ;
+----------------+-------+----------------------------------+
Note: In order to hide this table in the UI and the text report file, please set the "Show Parameter Settings in Synthesis Report" option in "Analysis and Synthesis Settings -> More Settings" to "Off".


+--------------------------------------------------------------------------------------------------+
; Parameter Settings for User Entity Instance: lpm_counter0:inst|lpm_counter:LPM_COUNTER_component ;
+------------------------+--------------+----------------------------------------------------------+
; Parameter Name         ; Value        ; Type                                                     ;
+------------------------+--------------+----------------------------------------------------------+
; AUTO_CARRY_CHAINS      ; ON           ; AUTO_CARRY                                               ;
; IGNORE_CARRY_BUFFERS   ; OFF          ; IGNORE_CARRY                                             ;
; AUTO_CASCADE_CHAINS    ; ON           ; AUTO_CASCADE                                             ;
; IGNORE_CASCADE_BUFFERS ; OFF          ; IGNORE_CASCADE                                           ;
; LPM_WIDTH              ; 8            ; Signed Integer                                           ;
; LPM_DIRECTION          ; UP           ; Untyped                                                  ;
; LPM_MODULUS            ; 0            ; Untyped                                                  ;
; LPM_AVALUE             ; UNUSED       ; Untyped                                                  ;
; LPM_SVALUE             ; UNUSED       ; Untyped                                                  ;
; LPM_PORT_UPDOWN        ; PORT_UNUSED  ; Untyped                                                  ;
; DEVICE_FAMILY          ; Cyclone IV E ; Untyped                                                  ;
; CARRY_CHAIN            ; MANUAL       ; Untyped                                                  ;
; CARRY_CHAIN_LENGTH     ; 48           ; CARRY_CHAIN_LENGTH                                       ;
; NOT_GATE_PUSH_BACK     ; ON           ; NOT_GATE_PUSH_BACK                                       ;
; CARRY_CNT_EN           ; SMART        ; Untyped                                                  ;
; LABWIDE_SCLR           ; ON           ; Untyped                                                  ;
; USE_NEW_VERSION        ; TRUE         ; Untyped                                                  ;
; CBXI_PARAMETER         ; cntr_b6j     ; Untyped                                                  ;
+------------------------+--------------+----------------------------------------------------------+
Note: In order to hide this table in the UI and the text report file, please set the "Show Parameter Settings in Synthesis Report" option in "Analysis and Synthesis Settings -> More Settings" to "Off".


+-------------------------------+
; Elapsed Time Per Partition    ;
+----------------+--------------+
; Partition Name ; Elapsed Time ;
+----------------+--------------+
; Top            ; 00:00:00     ;
+----------------+--------------+


+-------------------------------+
; Analysis & Synthesis Messages ;
+-------------------------------+
Info: *******************************************************************
Info: Running Quartus II 64-Bit Analysis & Synthesis
    Info: Version 13.1.0 Build 162 10/23/2013 SJ Full Version
    Info: Processing started: Wed Nov 08 16:02:57 2023
Info: Command: quartus_map --read_settings_files=on --write_settings_files=off PC -c PC
Info (11104): Parallel Compilation has detected 20 hyper-threaded processors. However, the extra hyper-threaded processors will not be used by default. Parallel Compilation will use 14 of the 14 physical processors detected instead.
Info (12021): Found 2 design units, including 1 entities, in source file lpm_counter0.vhd
    Info (12022): Found design unit 1: lpm_counter0-SYN
    Info (12023): Found entity 1: lpm_counter0
Info (12021): Found 1 design units, including 1 entities, in source file pc/pc.bdf
    Info (12023): Found entity 1: PC
Info (12127): Elaborating entity "PC" for the top level hierarchy
Info (12128): Elaborating entity "BUSMUX" for hierarchy "BUSMUX:inst1"
Info (12130): Elaborated megafunction instantiation "BUSMUX:inst1"
Info (12133): Instantiated megafunction "BUSMUX:inst1" with the following parameter:
    Info (12134): Parameter "WIDTH" = "8"
Info (12128): Elaborating entity "lpm_mux" for hierarchy "BUSMUX:inst1|lpm_mux:$00000"
Info (12131): Elaborated megafunction instantiation "BUSMUX:inst1|lpm_mux:$00000", which is child of megafunction instantiation "BUSMUX:inst1"
Info (12021): Found 1 design units, including 1 entities, in source file db/mux_erc.tdf
    Info (12023): Found entity 1: mux_erc
Info (12128): Elaborating entity "mux_erc" for hierarchy "BUSMUX:inst1|lpm_mux:$00000|mux_erc:auto_generated"
Info (12128): Elaborating entity "lpm_counter0" for hierarchy "lpm_counter0:inst"
Info (12128): Elaborating entity "lpm_counter" for hierarchy "lpm_counter0:inst|lpm_counter:LPM_COUNTER_component"
Info (12130): Elaborated megafunction instantiation "lpm_counter0:inst|lpm_counter:LPM_COUNTER_component"
Info (12133): Instantiated megafunction "lpm_counter0:inst|lpm_counter:LPM_COUNTER_component" with the following parameter:
    Info (12134): Parameter "lpm_direction" = "UP"
    Info (12134): Parameter "lpm_port_updown" = "PORT_UNUSED"
    Info (12134): Parameter "lpm_type" = "LPM_COUNTER"
    Info (12134): Parameter "lpm_width" = "8"
Warning (287001): Assertion warning: Counter will power up to an undefined state.  An asynchronous signal should be asserted before the counter reaches a known state.
Info (12021): Found 1 design units, including 1 entities, in source file db/cntr_b6j.tdf
    Info (12023): Found entity 1: cntr_b6j
Info (12128): Elaborating entity "cntr_b6j" for hierarchy "lpm_counter0:inst|lpm_counter:LPM_COUNTER_component|cntr_b6j:auto_generated"
Info (13014): Ignored 8 buffer(s)
    Info (13015): Ignored 8 CARRY buffer(s)
Info (286030): Timing-Driven Synthesis is running
Info (16010): Generating hard_block partition "hard_block:auto_generated_inst"
    Info (16011): Adding 0 node(s), including 0 DDIO, 0 PLL, 0 transceiver and 0 LCELL
Info (21057): Implemented 71 device resources after synthesis - the final resource count might be different
    Info (21058): Implemented 12 input pins
    Info (21059): Implemented 16 output pins
    Info (21061): Implemented 43 logic cells
Info: Quartus II 64-Bit Analysis & Synthesis was successful. 0 errors, 1 warning
    Info: Peak virtual memory: 4699 megabytes
    Info: Processing ended: Wed Nov 08 16:02:59 2023
    Info: Elapsed time: 00:00:02
    Info: Total CPU time (on all processors): 00:00:01


