C51 COMPILER V9.54   LEDDISPLAY                                                            03/26/2024 14:27:12 PAGE 1   


C51 COMPILER V9.54, COMPILATION OF MODULE LEDDISPLAY
OBJECT MODULE PLACED IN leddisplay.OBJ
COMPILER INVOKED BY: D:\Applications\Keil\C51\BIN\C51.EXE leddisplay.c OPTIMIZE(8,SPEED) BROWSE DEBUG OBJECTEXTEND TABS(
                    -2)

line level    source

   1          #include <reg51.h>
   2          #include <string.h> //ַȡĸõ;strlen
   3          #define uchar unsigned char
   4          #define uint unsigned int
   5          
   6          uchar code tab1[]={"Hello, world!"}; //һҪʾ
   7          uchar code tab2[]={"Welcome!"};
   8          uchar i;
   9          
  10          //¶ŵ,  sbit ˼Ϊ<ض>,,Ҫ bit ,bitǻ "λ"
  11          
  12          sbit lcdrs = P1^0;         //ض,rsƽΪ1,Ϊ0תָ
  13          sbit lcdrw = P1^1;        //LCDд;Ϊ1LCD,Ϊ0дLCD
  14          sbit lcden = P1^2;        //LCDж,ENΪ½򽻻ִ,EN = 1;EN = 0;
  15            
  16          
  17          //ʱ
  18          void delay_ms(uint z) 
  19          { 
  20   1        uchar x,y;
  21   1         for(x=z;x>0;x--)
  22   1          for(y=124;y>0;y--);
  23   1      }
  24          
  25          //********************************************æӳ*************
  26          // æֳ,жLCDҺǷæ״̬.жϿܻᵼдLCDʧ.
  27          
  28          void dbusy()                  //޷ֵ  ()
  29          {
  30   1           P0 = 0xff;                //0xff͸LCD
  31   1           lcdrs = 0;               //ѡָ
  32   1           lcdrw = 1;               //ѡ
  33   1           lcden = 1;               //ʹܶ1(ߵƽ)
  34   1           while (P0 & 0x80);    //ѭ (P00x80ȵĻ) P0 & 0x80,P0ߵ8λ10000000Ƚ
             -,
  35   1                                     //ȫͬΪ 1<>;æ״̬,ڴ˴ѭ
  36   1           lcden = 0;               //ʹܶ0(͵ƽ)
  37   1      }
  38          /**************************************************************************************/
  39          
  40          /***********************************************дݻָӳ*******************/
  41          void tcmddata (int x, unsigned char  DATA)//޷ֵ  (α x, ַͱ DATA)
  42          {
  43   1         dbusy();
  44   1         delay_ms(50);              //æӳ
  45   1         P0 = DATA;      //æ,Ѳ DDATA ȡıֵ <P0>
  46   1         lcdrw = 0;      //дѡΪ д<0>
  47   1         lcdrs = x;      //ݻָѡΪ <x>ֵ, xֵΪ01;Ϊ0ʾߴǿLCDָ,Ϊ1ʾ
             -ʾ
  48   1         lcden = 1;      //ʹܶ1
  49   1         lcden = 0;      //ʹܶ0; һָγһ½,LCDʶ½źȡ
  50   1      }
  51          /**************************************************************************************/
  52          //
C51 COMPILER V9.54   LEDDISPLAY                                                            03/26/2024 14:27:12 PAGE 2   

  53          /************************************************LCDʼ******************/
  54          void lcd_init()            //޷ֵ  ()2004ĳʼ1602ĳʼָȫͬ 
  55          {
  56   1         lcden=0;           //ʹܶEN㣬ΪϵĬϸߵƽ
  57   1           
  58   1         //ʾģʽ
  59   1        tcmddata(0, 0x38);  // (ָ, ָ)  //  0͸tcmddataеx,پtcmddata͸rs,r
             -s=0ʱΪʽ;0x38Ϊ
  60   1                            //0x38  160216*22004ʹ16*4ʾ5*78λݽӿ
  61   1         //ʾؼ
  62   1        tcmddata(0, 0x08);  //0ʽ0x08  ʾֻʾ
  63   1         //ݿ
  64   1        tcmddata(0, 0x06); //0ʽ0x06  ʾдһַݺ󣬵ַָԶ1ҹƣַ
             -
  65   1      
  66   1        tcmddata(0, 0x0c);  //0ʽ0x0c  ʾʾʾ
  67   1      }
  68          /*************************************************************************************/
  69          
  70           
  71          /**********************ʾλ*******************************************************************/
  72          void set_xy(uchar x,uchar y)
  73          {  
  74   1         switch(x)
  75   1         {
  76   2          case 1: y = y + 0x80;break;
  77   2        case 2: y = y + 0xc0;break;
  78   2        case 3: y = y + 0x94;break;
  79   2        case 4: y = y + 0xd4;break;
  80   2        default: y = y + 0x80;//
  81   2         }
  82   1         tcmddata(0,y);//0ʽ涨ʾʼУxУy 
  83   1      
  84   1      }
  85          
  86          /**********************ʾ***********************************************************************/
  87          
  88          void display(uchar x,uchar y,uchar *s)
  89          {          
  90   1          set_xy(x,y); 
  91   1          while(*s)   //һַʾ  
  92   1          {
  93   2           P0=*s;
  94   2         tcmddata(1,*s);
  95   2         s++;
  96   2          }
  97   1      }
  98          
  99          void main()
 100          {
 101   1         lcd_init();//ʼ
 102   1         
 103   1         while(1)
 104   1         {
 105   2          display(1,0,tab1);
 106   2          display(2,0,tab2);
 107   2          display(3,0,"line helloooooo");
 108   2          display(4,0,"line helloooooo");
 109   2         }
 110   1      }
 111          
 112          
C51 COMPILER V9.54   LEDDISPLAY                                                            03/26/2024 14:27:12 PAGE 3   



MODULE INFORMATION:   STATIC OVERLAYABLE
   CODE SIZE        =    230    ----
   CONSTANT SIZE    =     39    ----
   XDATA SIZE       =   ----    ----
   PDATA SIZE       =   ----    ----
   DATA SIZE        =      1       3
   IDATA SIZE       =   ----    ----
   BIT SIZE         =   ----    ----
END OF MODULE INFORMATION.


C51 COMPILATION COMPLETE.  0 WARNING(S),  0 ERROR(S)
