Analysis & Synthesis report for tjl2
Wed Oct 29 20:45:47 2014
Quartus II Version 9.0 Build 132 02/25/2009 SJ Full Version


---------------------
; Table of Contents ;
---------------------
  1. Legal Notice
  2. Analysis & Synthesis Summary
  3. Analysis & Synthesis Settings
  4. Analysis & Synthesis Source Files Read
  5. Analysis & Synthesis Resource Usage Summary
  6. Analysis & Synthesis Resource Utilization by Entity
  7. Analysis & Synthesis RAM Summary
  8. General Register Statistics
  9. Inverted Register Statistics
 10. Multiplexer Restructuring Statistics (Restructuring Performed)
 11. Source assignments for lpm_ram_dq0:inst|altsyncram:altsyncram_component|altsyncram_tje1:auto_generated|altsyncram_02a2:altsyncram1
 12. Source assignments for lpm_ram_dq0:inst|altsyncram:altsyncram_component|altsyncram_tje1:auto_generated|sld_mod_ram_rom:mgl_prim2|sld_rom_sr:\ram_rom_logic_gen:name_gen:info_rom_sr
 13. Source assignments for sld_hub:sld_hub_inst
 14. Source assignments for sld_hub:sld_hub_inst|sld_rom_sr:hub_info_reg
 15. Parameter Settings for User Entity Instance: lpm_ram_dq0:inst|altsyncram:altsyncram_component
 16. Parameter Settings for User Entity Instance: lpm_ram_dq0:inst|altsyncram:altsyncram_component|altsyncram_tje1:auto_generated|sld_mod_ram_rom:mgl_prim2
 17. Parameter Settings for Inferred Entity Instance: sld_hub:sld_hub_inst
 18. altsyncram Parameter Settings by Entity Instance
 19. In-System Memory Content Editor Settings
 20. Analysis & Synthesis Messages



----------------
; Legal Notice ;
----------------
Copyright (C) 1991-2009 Altera Corporation
Your use of Altera Corporation's design tools, logic functions 
and other software and tools, and its AMPP partner logic 
functions, and any output files from any of the foregoing 
(including device programming or simulation files), and any 
associated documentation or information are expressly subject 
to the terms and conditions of the Altera Program License 
Subscription Agreement, Altera MegaCore Function License 
Agreement, or other applicable license agreement, including, 
without limitation, that your use is for the sole purpose of 
programming logic devices manufactured by Altera and sold by 
Altera or its authorized distributors.  Please refer to the 
applicable agreement for further details.



+------------------------------------------------------------------------+
; Analysis & Synthesis Summary                                           ;
+-----------------------------+------------------------------------------+
; Analysis & Synthesis Status ; Successful - Wed Oct 29 20:45:47 2014    ;
; Quartus II Version          ; 9.0 Build 132 02/25/2009 SJ Full Version ;
; Revision Name               ; tjl2                                     ;
; Top-level Entity Name       ; Block2                                   ;
; Family                      ; Cyclone                                  ;
; Total logic elements        ; 175                                      ;
; Total pins                  ; 26                                       ;
; Total virtual pins          ; 0                                        ;
; Total memory bits           ; 2,048                                    ;
; Total PLLs                  ; 0                                        ;
+-----------------------------+------------------------------------------+


+----------------------------------------------------------------------------------------------------------+
; Analysis & Synthesis Settings                                                                            ;
+----------------------------------------------------------------+--------------------+--------------------+
; Option                                                         ; Setting            ; Default Value      ;
+----------------------------------------------------------------+--------------------+--------------------+
; Device                                                         ; EP1C6Q240C8        ;                    ;
; Top-level entity name                                          ; Block2             ; tjl2               ;
; Family name                                                    ; Cyclone            ; Stratix II         ;
; Use Generated Physical Constraints File                        ; Off                ;                    ;
; Use smart compilation                                          ; Off                ; Off                ;
; Restructure Multiplexers                                       ; Auto               ; Auto               ;
; Create Debugging Nodes for IP Cores                            ; Off                ; Off                ;
; Preserve fewer node names                                      ; On                 ; On                 ;
; Disable OpenCore Plus hardware evaluation                      ; Off                ; Off                ;
; Verilog Version                                                ; Verilog_2001       ; Verilog_2001       ;
; VHDL Version                                                   ; VHDL93             ; VHDL93             ;
; State Machine Processing                                       ; Auto               ; Auto               ;
; Safe State Machine                                             ; Off                ; Off                ;
; Extract Verilog State Machines                                 ; On                 ; On                 ;
; Extract VHDL State Machines                                    ; On                 ; On                 ;
; Ignore Verilog initial constructs                              ; Off                ; Off                ;
; Iteration limit for constant Verilog loops                     ; 5000               ; 5000               ;
; Iteration limit for non-constant Verilog loops                 ; 250                ; 250                ;
; Add Pass-Through Logic to Inferred RAMs                        ; On                 ; On                 ;
; Parallel Synthesis                                             ; Off                ; Off                ;
; NOT Gate Push-Back                                             ; On                 ; On                 ;
; Power-Up Don't Care                                            ; On                 ; On                 ;
; Remove Redundant Logic Cells                                   ; Off                ; Off                ;
; Remove Duplicate Registers                                     ; On                 ; On                 ;
; Ignore CARRY Buffers                                           ; Off                ; Off                ;
; Ignore CASCADE Buffers                                         ; Off                ; Off                ;
; Ignore GLOBAL Buffers                                          ; Off                ; Off                ;
; Ignore ROW GLOBAL Buffers                                      ; Off                ; Off                ;
; Ignore LCELL Buffers                                           ; Off                ; Off                ;
; Ignore SOFT Buffers                                            ; On                 ; On                 ;
; Limit AHDL Integers to 32 Bits                                 ; Off                ; Off                ;
; Optimization Technique                                         ; Balanced           ; Balanced           ;
; Carry Chain Length                                             ; 70                 ; 70                 ;
; Auto Carry Chains                                              ; On                 ; On                 ;
; Auto Open-Drain Pins                                           ; On                 ; On                 ;
; Perform WYSIWYG Primitive Resynthesis                          ; Off                ; Off                ;
; Auto ROM Replacement                                           ; On                 ; On                 ;
; Auto RAM Replacement                                           ; On                 ; On                 ;
; Auto Shift Register Replacement                                ; Auto               ; Auto               ;
; Auto Clock Enable Replacement                                  ; On                 ; On                 ;
; Strict RAM Replacement                                         ; Off                ; Off                ;
; Allow Synchronous Control Signals                              ; On                 ; On                 ;
; Force Use of Synchronous Clear Signals                         ; Off                ; Off                ;
; Auto RAM Block Balancing                                       ; On                 ; On                 ;
; Auto RAM to Logic Cell Conversion                              ; Off                ; Off                ;
; Auto Resource Sharing                                          ; Off                ; Off                ;
; Allow Any RAM Size For Recognition                             ; Off                ; Off                ;
; Allow Any ROM Size For Recognition                             ; Off                ; Off                ;
; Allow Any Shift Register Size For Recognition                  ; Off                ; Off                ;
; Use LogicLock Constraints during Resource Balancing            ; On                 ; On                 ;
; Ignore translate_off and synthesis_off directives              ; Off                ; Off                ;
; Show Parameter Settings Tables in Synthesis Report             ; On                 ; On                 ;
; Ignore Maximum Fan-Out Assignments                             ; Off                ; Off                ;
; Synchronization Register Chain Length                          ; 2                  ; 2                  ;
; PowerPlay Power Optimization                                   ; Normal compilation ; Normal compilation ;
; HDL message level                                              ; Level2             ; Level2             ;
; Suppress Register Optimization Related Messages                ; Off                ; Off                ;
; Number of Removed Registers Reported in Synthesis Report       ; 100                ; 100                ;
; Number of Inverted Registers Reported in Synthesis Report      ; 100                ; 100                ;
; Clock MUX Protection                                           ; On                 ; On                 ;
; Block Design Naming                                            ; Auto               ; Auto               ;
; Synthesis Effort                                               ; Auto               ; Auto               ;
; Allows Asynchronous Clear Usage For Shift Register Replacement ; On                 ; On                 ;
; Analysis & Synthesis Message Level                             ; Medium             ; Medium             ;
+----------------------------------------------------------------+--------------------+--------------------+


+--------------------------------------------------------------------------------------------------------------------------------------------------------------+
; Analysis & Synthesis Source Files Read                                                                                                                       ;
+----------------------------------+-----------------+------------------------------------+--------------------------------------------------------------------+
; File Name with User-Entered Path ; Used in Netlist ; File Type                          ; File Name with Absolute Path                                       ;
+----------------------------------+-----------------+------------------------------------+--------------------------------------------------------------------+
; Block2.bdf                       ; yes             ; User Block Diagram/Schematic File  ; D:/tjl2/Block2.bdf                                                 ;
; lpm_ram_dq0.vhd                  ; yes             ; User Wizard-Generated File         ; D:/tjl2/lpm_ram_dq0.vhd                                            ;
; altsyncram.tdf                   ; yes             ; Megafunction                       ; c:/altera/90/quartus/libraries/megafunctions/altsyncram.tdf        ;
; stratix_ram_block.inc            ; yes             ; Megafunction                       ; c:/altera/90/quartus/libraries/megafunctions/stratix_ram_block.inc ;
; lpm_mux.inc                      ; yes             ; Megafunction                       ; c:/altera/90/quartus/libraries/megafunctions/lpm_mux.inc           ;
; lpm_decode.inc                   ; yes             ; Megafunction                       ; c:/altera/90/quartus/libraries/megafunctions/lpm_decode.inc        ;
; aglobal90.inc                    ; yes             ; Megafunction                       ; c:/altera/90/quartus/libraries/megafunctions/aglobal90.inc         ;
; a_rdenreg.inc                    ; yes             ; Megafunction                       ; c:/altera/90/quartus/libraries/megafunctions/a_rdenreg.inc         ;
; altrom.inc                       ; yes             ; Megafunction                       ; c:/altera/90/quartus/libraries/megafunctions/altrom.inc            ;
; altram.inc                       ; yes             ; Megafunction                       ; c:/altera/90/quartus/libraries/megafunctions/altram.inc            ;
; altdpram.inc                     ; yes             ; Megafunction                       ; c:/altera/90/quartus/libraries/megafunctions/altdpram.inc          ;
; altqpram.inc                     ; yes             ; Megafunction                       ; c:/altera/90/quartus/libraries/megafunctions/altqpram.inc          ;
; db/altsyncram_tje1.tdf           ; yes             ; Auto-Generated Megafunction        ; D:/tjl2/db/altsyncram_tje1.tdf                                     ;
; db/altsyncram_02a2.tdf           ; yes             ; Auto-Generated Megafunction        ; D:/tjl2/db/altsyncram_02a2.tdf                                     ;
; sld_mod_ram_rom.vhd              ; yes             ; Encrypted Megafunction             ; c:/altera/90/quartus/libraries/megafunctions/sld_mod_ram_rom.vhd   ;
; sld_rom_sr.vhd                   ; yes             ; Encrypted Megafunction             ; c:/altera/90/quartus/libraries/megafunctions/sld_rom_sr.vhd        ;
; sld_hub.vhd                      ; yes             ; Encrypted Megafunction             ; c:/altera/90/quartus/libraries/megafunctions/sld_hub.vhd           ;
+----------------------------------+-----------------+------------------------------------+--------------------------------------------------------------------+


+------------------------------------------------------------------------+
; Analysis & Synthesis Resource Usage Summary                            ;
+---------------------------------------------+--------------------------+
; Resource                                    ; Usage                    ;
+---------------------------------------------+--------------------------+
; Total logic elements                        ; 175                      ;
;     -- Combinational with no register       ; 76                       ;
;     -- Register only                        ; 18                       ;
;     -- Combinational with a register        ; 81                       ;
;                                             ;                          ;
; Logic element usage by number of LUT inputs ;                          ;
;     -- 4 input functions                    ; 61                       ;
;     -- 3 input functions                    ; 48                       ;
;     -- 2 input functions                    ; 42                       ;
;     -- 1 input functions                    ; 5                        ;
;     -- 0 input functions                    ; 1                        ;
;                                             ;                          ;
; Logic elements by mode                      ;                          ;
;     -- normal mode                          ; 157                      ;
;     -- arithmetic mode                      ; 18                       ;
;     -- qfbk mode                            ; 0                        ;
;     -- register cascade mode                ; 0                        ;
;     -- synchronous clear/load mode          ; 33                       ;
;     -- asynchronous clear/load mode         ; 51                       ;
;                                             ;                          ;
; Total registers                             ; 99                       ;
; Total logic cells in carry chains           ; 22                       ;
; I/O pins                                    ; 26                       ;
; Total memory bits                           ; 2048                     ;
; Maximum fan-out node                        ; altera_internal_jtag~TDO ;
; Maximum fan-out                             ; 115                      ;
; Total fan-out                               ; 909                      ;
; Average fan-out                             ; 4.25                     ;
+---------------------------------------------+--------------------------+


+-----------------------------------------------------------------------------------------------------------------------------------------------------------------------------------------------------------------------------------------------------------------------------------------------------------------------------------------------------------------------------------------------------------------+
; Analysis & Synthesis Resource Utilization by Entity                                                                                                                                                                                                                                                                                                                                                             ;
+---------------------------------------------------------------------+-------------+--------------+-------------+------+--------------+--------------+-------------------+------------------+-----------------+------------+----------------------------------------------------------------------------------------------------------------------------------------------------------------------+--------------+
; Compilation Hierarchy Node                                          ; Logic Cells ; LC Registers ; Memory Bits ; Pins ; Virtual Pins ; LUT-Only LCs ; Register-Only LCs ; LUT/Register LCs ; Carry Chain LCs ; Packed LCs ; Full Hierarchy Name                                                                                                                                                  ; Library Name ;
+---------------------------------------------------------------------+-------------+--------------+-------------+------+--------------+--------------+-------------------+------------------+-----------------+------------+----------------------------------------------------------------------------------------------------------------------------------------------------------------------+--------------+
; |Block2                                                             ; 175 (1)     ; 99           ; 2048        ; 26   ; 0            ; 76 (1)       ; 18 (0)            ; 81 (0)           ; 22 (0)          ; 0 (0)      ; |Block2                                                                                                                                                              ; work         ;
;    |lpm_ram_dq0:inst|                                               ; 67 (0)      ; 35           ; 2048        ; 0    ; 0            ; 32 (0)       ; 4 (0)             ; 31 (0)           ; 17 (0)          ; 0 (0)      ; |Block2|lpm_ram_dq0:inst                                                                                                                                             ; work         ;
;       |altsyncram:altsyncram_component|                             ; 67 (0)      ; 35           ; 2048        ; 0    ; 0            ; 32 (0)       ; 4 (0)             ; 31 (0)           ; 17 (0)          ; 0 (0)      ; |Block2|lpm_ram_dq0:inst|altsyncram:altsyncram_component                                                                                                             ; work         ;
;          |altsyncram_tje1:auto_generated|                           ; 67 (0)      ; 35           ; 2048        ; 0    ; 0            ; 32 (0)       ; 4 (0)             ; 31 (0)           ; 17 (0)          ; 0 (0)      ; |Block2|lpm_ram_dq0:inst|altsyncram:altsyncram_component|altsyncram_tje1:auto_generated                                                                              ; work         ;
;             |altsyncram_02a2:altsyncram1|                           ; 0 (0)       ; 0            ; 2048        ; 0    ; 0            ; 0 (0)        ; 0 (0)             ; 0 (0)            ; 0 (0)           ; 0 (0)      ; |Block2|lpm_ram_dq0:inst|altsyncram:altsyncram_component|altsyncram_tje1:auto_generated|altsyncram_02a2:altsyncram1                                                  ; work         ;
;             |sld_mod_ram_rom:mgl_prim2|                             ; 67 (41)     ; 35           ; 0           ; 0    ; 0            ; 32 (15)      ; 4 (4)             ; 31 (22)          ; 17 (12)         ; 0 (0)      ; |Block2|lpm_ram_dq0:inst|altsyncram:altsyncram_component|altsyncram_tje1:auto_generated|sld_mod_ram_rom:mgl_prim2                                                    ; work         ;
;                |sld_rom_sr:\ram_rom_logic_gen:name_gen:info_rom_sr| ; 26 (26)     ; 9            ; 0           ; 0    ; 0            ; 17 (17)      ; 0 (0)             ; 9 (9)            ; 5 (5)           ; 0 (0)      ; |Block2|lpm_ram_dq0:inst|altsyncram:altsyncram_component|altsyncram_tje1:auto_generated|sld_mod_ram_rom:mgl_prim2|sld_rom_sr:\ram_rom_logic_gen:name_gen:info_rom_sr ; work         ;
;    |sld_hub:sld_hub_inst|                                           ; 107 (67)    ; 64           ; 0           ; 0    ; 0            ; 43 (31)      ; 14 (11)           ; 50 (25)          ; 5 (0)           ; 0 (0)      ; |Block2|sld_hub:sld_hub_inst                                                                                                                                         ; work         ;
;       |sld_rom_sr:hub_info_reg|                                     ; 20 (20)     ; 9            ; 0           ; 0    ; 0            ; 11 (11)      ; 0 (0)             ; 9 (9)            ; 5 (5)           ; 0 (0)      ; |Block2|sld_hub:sld_hub_inst|sld_rom_sr:hub_info_reg                                                                                                                 ; work         ;
;       |sld_shadow_jsm:shadow_jsm|                                   ; 20 (20)     ; 19           ; 0           ; 0    ; 0            ; 1 (1)        ; 3 (3)             ; 16 (16)          ; 0 (0)           ; 0 (0)      ; |Block2|sld_hub:sld_hub_inst|sld_shadow_jsm:shadow_jsm                                                                                                               ; work         ;
+---------------------------------------------------------------------+-------------+--------------+-------------+------+--------------+--------------+-------------------+------------------+-----------------+------------+----------------------------------------------------------------------------------------------------------------------------------------------------------------------+--------------+
Note: For table entries with two numbers listed, the numbers in parentheses indicate the number of resources of the given type used by the specific entity alone. The numbers listed outside of parentheses indicate the total resources of the given type used by the specific entity and all of its sub-entities in the hierarchy.


+-----------------------------------------------------------------------------------------------------------------------------------------------------------------------------------------------------------------------------+
; Analysis & Synthesis RAM Summary                                                                                                                                                                                            ;
+------------------------------------------------------------------------------------------------------------------------+------+----------------+--------------+--------------+--------------+--------------+------+---------+
; Name                                                                                                                   ; Type ; Mode           ; Port A Depth ; Port A Width ; Port B Depth ; Port B Width ; Size ; MIF     ;
+------------------------------------------------------------------------------------------------------------------------+------+----------------+--------------+--------------+--------------+--------------+------+---------+
; lpm_ram_dq0:inst|altsyncram:altsyncram_component|altsyncram_tje1:auto_generated|altsyncram_02a2:altsyncram1|ALTSYNCRAM ; AUTO ; True Dual Port ; 256          ; 8            ; 256          ; 8            ; 2048 ; ram.hex ;
+------------------------------------------------------------------------------------------------------------------------+------+----------------+--------------+--------------+--------------+--------------+------+---------+


+------------------------------------------------------+
; General Register Statistics                          ;
+----------------------------------------------+-------+
; Statistic                                    ; Value ;
+----------------------------------------------+-------+
; Total registers                              ; 99    ;
; Number of registers using Synchronous Clear  ; 24    ;
; Number of registers using Synchronous Load   ; 9     ;
; Number of registers using Asynchronous Clear ; 51    ;
; Number of registers using Asynchronous Load  ; 0     ;
; Number of registers using Clock Enable       ; 58    ;
; Number of registers using Preset             ; 0     ;
+----------------------------------------------+-------+


+--------------------------------------------------+
; Inverted Register Statistics                     ;
+----------------------------------------+---------+
; Inverted Register                      ; Fan out ;
+----------------------------------------+---------+
; sld_hub:sld_hub_inst|tdo               ; 2       ;
; Total number of inverted registers = 1 ;         ;
+----------------------------------------+---------+


+----------------------------------------------------------------------------------------------------------------------------------------------------------------------------------------------------------------------------------------------------------------------------------------------------+
; Multiplexer Restructuring Statistics (Restructuring Performed)                                                                                                                                                                                                                                     ;
+--------------------+-----------+---------------+----------------------+------------------------+------------+--------------------------------------------------------------------------------------------------------------------------------------------------------------------------------------+
; Multiplexer Inputs ; Bus Width ; Baseline Area ; Area if Restructured ; Saving if Restructured ; Registered ; Example Multiplexer Output                                                                                                                                                           ;
+--------------------+-----------+---------------+----------------------+------------------------+------------+--------------------------------------------------------------------------------------------------------------------------------------------------------------------------------------+
; 3:1                ; 8 bits    ; 16 LEs        ; 8 LEs                ; 8 LEs                  ; Yes        ; |Block2|lpm_ram_dq0:inst|altsyncram:altsyncram_component|altsyncram_tje1:auto_generated|sld_mod_ram_rom:mgl_prim2|ram_rom_data_reg[0]                                                ;
; 5:1                ; 5 bits    ; 15 LEs        ; 5 LEs                ; 10 LEs                 ; Yes        ; |Block2|lpm_ram_dq0:inst|altsyncram:altsyncram_component|altsyncram_tje1:auto_generated|sld_mod_ram_rom:mgl_prim2|sld_rom_sr:\ram_rom_logic_gen:name_gen:info_rom_sr|word_counter[0] ;
; 24:1               ; 4 bits    ; 64 LEs        ; 48 LEs               ; 16 LEs                 ; Yes        ; |Block2|lpm_ram_dq0:inst|altsyncram:altsyncram_component|altsyncram_tje1:auto_generated|sld_mod_ram_rom:mgl_prim2|sld_rom_sr:\ram_rom_logic_gen:name_gen:info_rom_sr|WORD_SR[0]      ;
; 5:1                ; 5 bits    ; 15 LEs        ; 5 LEs                ; 10 LEs                 ; Yes        ; |Block2|sld_hub:sld_hub_inst|irf_reg[1][0]                                                                                                                                           ;
; 5:1                ; 5 bits    ; 15 LEs        ; 5 LEs                ; 10 LEs                 ; Yes        ; |Block2|sld_hub:sld_hub_inst|sld_rom_sr:hub_info_reg|word_counter[0]                                                                                                                 ;
; 6:1                ; 4 bits    ; 16 LEs        ; 4 LEs                ; 12 LEs                 ; Yes        ; |Block2|sld_hub:sld_hub_inst|irsr_reg[2]                                                                                                                                             ;
; 6:1                ; 5 bits    ; 20 LEs        ; 5 LEs                ; 15 LEs                 ; Yes        ; |Block2|sld_hub:sld_hub_inst|shadow_irf_reg[1][0]                                                                                                                                    ;
; 20:1               ; 4 bits    ; 52 LEs        ; 32 LEs               ; 20 LEs                 ; Yes        ; |Block2|sld_hub:sld_hub_inst|sld_rom_sr:hub_info_reg|WORD_SR[0]                                                                                                                      ;
+--------------------+-----------+---------------+----------------------+------------------------+------------+--------------------------------------------------------------------------------------------------------------------------------------------------------------------------------------+


+------------------------------------------------------------------------------------------------------------------------------------+
; Source assignments for lpm_ram_dq0:inst|altsyncram:altsyncram_component|altsyncram_tje1:auto_generated|altsyncram_02a2:altsyncram1 ;
+---------------------------------+--------------------+------+----------------------------------------------------------------------+
; Assignment                      ; Value              ; From ; To                                                                   ;
+---------------------------------+--------------------+------+----------------------------------------------------------------------+
; OPTIMIZE_POWER_DURING_SYNTHESIS ; NORMAL_COMPILATION ; -    ; -                                                                    ;
+---------------------------------+--------------------+------+----------------------------------------------------------------------+


+-------------------------------------------------------------------------------------------------------------------------------------------------------------------------------------+
; Source assignments for lpm_ram_dq0:inst|altsyncram:altsyncram_component|altsyncram_tje1:auto_generated|sld_mod_ram_rom:mgl_prim2|sld_rom_sr:\ram_rom_logic_gen:name_gen:info_rom_sr ;
+----------------------+-------+------+-----------------------------------------------------------------------------------------------------------------------------------------------+
; Assignment           ; Value ; From ; To                                                                                                                                            ;
+----------------------+-------+------+-----------------------------------------------------------------------------------------------------------------------------------------------+
; AUTO_ROM_RECOGNITION ; OFF   ; -    ; -                                                                                                                                             ;
+----------------------+-------+------+-----------------------------------------------------------------------------------------------------------------------------------------------+


+-------------------------------------------------------+
; Source assignments for sld_hub:sld_hub_inst           ;
+------------------------------+-------+------+---------+
; Assignment                   ; Value ; From ; To      ;
+------------------------------+-------+------+---------+
; IGNORE_LCELL_BUFFERS         ; OFF   ; -    ; -       ;
; REMOVE_REDUNDANT_LOGIC_CELLS ; OFF   ; -    ; -       ;
; NOT_GATE_PUSH_BACK           ; OFF   ; -    ; clr_reg ;
; POWER_UP_LEVEL               ; LOW   ; -    ; clr_reg ;
+------------------------------+-------+------+---------+


+---------------------------------------------------------------------+
; Source assignments for sld_hub:sld_hub_inst|sld_rom_sr:hub_info_reg ;
+----------------------+-------+------+-------------------------------+
; Assignment           ; Value ; From ; To                            ;
+----------------------+-------+------+-------------------------------+
; AUTO_ROM_RECOGNITION ; OFF   ; -    ; -                             ;
+----------------------+-------+------+-------------------------------+


+-----------------------------------------------------------------------------------------------+
; Parameter Settings for User Entity Instance: lpm_ram_dq0:inst|altsyncram:altsyncram_component ;
+------------------------------------+----------------------+-----------------------------------+
; Parameter Name                     ; Value                ; Type                              ;
+------------------------------------+----------------------+-----------------------------------+
; BYTE_SIZE_BLOCK                    ; 8                    ; Untyped                           ;
; AUTO_CARRY_CHAINS                  ; ON                   ; AUTO_CARRY                        ;
; IGNORE_CARRY_BUFFERS               ; OFF                  ; IGNORE_CARRY                      ;
; AUTO_CASCADE_CHAINS                ; ON                   ; AUTO_CASCADE                      ;
; IGNORE_CASCADE_BUFFERS             ; OFF                  ; IGNORE_CASCADE                    ;
; WIDTH_BYTEENA                      ; 1                    ; Untyped                           ;
; OPERATION_MODE                     ; SINGLE_PORT          ; Untyped                           ;
; WIDTH_A                            ; 8                    ; Signed Integer                    ;
; WIDTHAD_A                          ; 8                    ; Signed Integer                    ;
; NUMWORDS_A                         ; 256                  ; Signed Integer                    ;
; OUTDATA_REG_A                      ; UNREGISTERED         ; Untyped                           ;
; ADDRESS_ACLR_A                     ; NONE                 ; Untyped                           ;
; OUTDATA_ACLR_A                     ; NONE                 ; Untyped                           ;
; WRCONTROL_ACLR_A                   ; NONE                 ; Untyped                           ;
; INDATA_ACLR_A                      ; NONE                 ; Untyped                           ;
; BYTEENA_ACLR_A                     ; NONE                 ; Untyped                           ;
; WIDTH_B                            ; 1                    ; Untyped                           ;
; WIDTHAD_B                          ; 1                    ; Untyped                           ;
; NUMWORDS_B                         ; 1                    ; Untyped                           ;
; INDATA_REG_B                       ; CLOCK1               ; Untyped                           ;
; WRCONTROL_WRADDRESS_REG_B          ; CLOCK1               ; Untyped                           ;
; RDCONTROL_REG_B                    ; CLOCK1               ; Untyped                           ;
; ADDRESS_REG_B                      ; CLOCK1               ; Untyped                           ;
; OUTDATA_REG_B                      ; UNREGISTERED         ; Untyped                           ;
; BYTEENA_REG_B                      ; CLOCK1               ; Untyped                           ;
; INDATA_ACLR_B                      ; NONE                 ; Untyped                           ;
; WRCONTROL_ACLR_B                   ; NONE                 ; Untyped                           ;
; ADDRESS_ACLR_B                     ; NONE                 ; Untyped                           ;
; OUTDATA_ACLR_B                     ; NONE                 ; Untyped                           ;
; RDCONTROL_ACLR_B                   ; NONE                 ; Untyped                           ;
; BYTEENA_ACLR_B                     ; NONE                 ; Untyped                           ;
; WIDTH_BYTEENA_A                    ; 1                    ; Signed Integer                    ;
; WIDTH_BYTEENA_B                    ; 1                    ; Untyped                           ;
; RAM_BLOCK_TYPE                     ; AUTO                 ; Untyped                           ;
; BYTE_SIZE                          ; 8                    ; Untyped                           ;
; READ_DURING_WRITE_MODE_MIXED_PORTS ; DONT_CARE            ; Untyped                           ;
; READ_DURING_WRITE_MODE_PORT_A      ; NEW_DATA_NO_NBE_READ ; Untyped                           ;
; READ_DURING_WRITE_MODE_PORT_B      ; NEW_DATA_NO_NBE_READ ; Untyped                           ;
; INIT_FILE                          ; ram.hex              ; Untyped                           ;
; INIT_FILE_LAYOUT                   ; PORT_A               ; Untyped                           ;
; MAXIMUM_DEPTH                      ; 0                    ; Untyped                           ;
; CLOCK_ENABLE_INPUT_A               ; NORMAL               ; Untyped                           ;
; CLOCK_ENABLE_INPUT_B               ; NORMAL               ; Untyped                           ;
; CLOCK_ENABLE_OUTPUT_A              ; NORMAL               ; Untyped                           ;
; CLOCK_ENABLE_OUTPUT_B              ; NORMAL               ; Untyped                           ;
; CLOCK_ENABLE_CORE_A                ; USE_INPUT_CLKEN      ; Untyped                           ;
; CLOCK_ENABLE_CORE_B                ; USE_INPUT_CLKEN      ; Untyped                           ;
; ENABLE_ECC                         ; FALSE                ; Untyped                           ;
; DEVICE_FAMILY                      ; Cyclone              ; Untyped                           ;
; CBXI_PARAMETER                     ; altsyncram_tje1      ; Untyped                           ;
+------------------------------------+----------------------+-----------------------------------+
Note: In order to hide this table in the UI and the text report file, please set the "Show Parameter Settings Tables in Synthesis Report" option in "Analysis and Synthesis Settings -> More Settings" to "Off".


+--------------------------------------------------------------------------------------------------------------------------------------------------------+
; Parameter Settings for User Entity Instance: lpm_ram_dq0:inst|altsyncram:altsyncram_component|altsyncram_tje1:auto_generated|sld_mod_ram_rom:mgl_prim2 ;
+-------------------------+------------+-----------------------------------------------------------------------------------------------------------------+
; Parameter Name          ; Value      ; Type                                                                                                            ;
+-------------------------+------------+-----------------------------------------------------------------------------------------------------------------+
; SLD_NODE_INFO           ; 135818752  ; Signed Integer                                                                                                  ;
; SLD_AUTO_INSTANCE_INDEX ; yes        ; String                                                                                                          ;
; SLD_IP_VERSION          ; 1          ; Signed Integer                                                                                                  ;
; SLD_IP_MINOR_VERSION    ; 3          ; Signed Integer                                                                                                  ;
; SLD_COMMON_IP_VERSION   ; 0          ; Signed Integer                                                                                                  ;
; width_word              ; 8          ; Untyped                                                                                                         ;
; numwords                ; 256        ; Untyped                                                                                                         ;
; widthad                 ; 8          ; Untyped                                                                                                         ;
; shift_count_bits        ; 4          ; Untyped                                                                                                         ;
; cvalue                  ; 00000000   ; Untyped                                                                                                         ;
; is_data_in_ram          ; 1          ; Untyped                                                                                                         ;
; is_readable             ; 1          ; Untyped                                                                                                         ;
; node_name               ; 1380011264 ; Untyped                                                                                                         ;
+-------------------------+------------+-----------------------------------------------------------------------------------------------------------------+
Note: In order to hide this table in the UI and the text report file, please set the "Show Parameter Settings Tables in Synthesis Report" option in "Analysis and Synthesis Settings -> More Settings" to "Off".


+-------------------------------------------------------------------------------+
; Parameter Settings for Inferred Entity Instance: sld_hub:sld_hub_inst         ;
+--------------------------+----------------------------------+-----------------+
; Parameter Name           ; Value                            ; Type            ;
+--------------------------+----------------------------------+-----------------+
; sld_hub_ip_version       ; 1                                ; Untyped         ;
; sld_hub_ip_minor_version ; 4                                ; Untyped         ;
; sld_common_ip_version    ; 0                                ; Untyped         ;
; device_family            ; Cyclone                          ; Untyped         ;
; n_nodes                  ; 1                                ; Untyped         ;
; n_sel_bits               ; 1                                ; Untyped         ;
; n_node_ir_bits           ; 5                                ; Untyped         ;
; node_info                ; 00001000000110000110111000000000 ; Unsigned Binary ;
; compilation_mode         ; 1                                ; Untyped         ;
; BROADCAST_FEATURE        ; 1                                ; Signed Integer  ;
; FORCE_IR_CAPTURE_FEATURE ; 1                                ; Signed Integer  ;
+--------------------------+----------------------------------+-----------------+
Note: In order to hide this table in the UI and the text report file, please set the "Show Parameter Settings Tables in Synthesis Report" option in "Analysis and Synthesis Settings -> More Settings" to "Off".


+----------------------------------------------------------------------------------------------+
; altsyncram Parameter Settings by Entity Instance                                             ;
+-------------------------------------------+--------------------------------------------------+
; Name                                      ; Value                                            ;
+-------------------------------------------+--------------------------------------------------+
; Number of entity instances                ; 1                                                ;
; Entity Instance                           ; lpm_ram_dq0:inst|altsyncram:altsyncram_component ;
;     -- OPERATION_MODE                     ; SINGLE_PORT                                      ;
;     -- WIDTH_A                            ; 8                                                ;
;     -- NUMWORDS_A                         ; 256                                              ;
;     -- OUTDATA_REG_A                      ; UNREGISTERED                                     ;
;     -- WIDTH_B                            ; 1                                                ;
;     -- NUMWORDS_B                         ; 1                                                ;
;     -- ADDRESS_REG_B                      ; CLOCK1                                           ;
;     -- OUTDATA_REG_B                      ; UNREGISTERED                                     ;
;     -- RAM_BLOCK_TYPE                     ; AUTO                                             ;
;     -- READ_DURING_WRITE_MODE_MIXED_PORTS ; DONT_CARE                                        ;
+-------------------------------------------+--------------------------------------------------+


+---------------------------------------------------------------------------------------------------------------------------------------------+
; In-System Memory Content Editor Settings                                                                                                    ;
+----------------+-------------+-------+-------+------------+---------------------------------------------------------------------------------+
; Instance Index ; Instance ID ; Width ; Depth ; Mode       ; Hierarchy Location                                                              ;
+----------------+-------------+-------+-------+------------+---------------------------------------------------------------------------------+
; 0              ; RAM         ; 8     ; 256   ; Read/Write ; lpm_ram_dq0:inst|altsyncram:altsyncram_component|altsyncram_tje1:auto_generated ;
+----------------+-------------+-------+-------+------------+---------------------------------------------------------------------------------+


+-------------------------------+
; Analysis & Synthesis Messages ;
+-------------------------------+
Info: *******************************************************************
Info: Running Quartus II Analysis & Synthesis
    Info: Version 9.0 Build 132 02/25/2009 SJ Full Version
    Info: Processing started: Wed Oct 29 20:45:42 2014
Info: Command: quartus_map --read_settings_files=on --write_settings_files=off tjl2 -c tjl2
Info: Found 1 design units, including 1 entities, in source file Block2.bdf
    Info: Found entity 1: Block2
Info: Found 2 design units, including 1 entities, in source file lpm_ram_dq0.vhd
    Info: Found design unit 1: lpm_ram_dq0-SYN
    Info: Found entity 1: lpm_ram_dq0
Info: Elaborating entity "Block2" for the top level hierarchy
Info: Elaborating entity "lpm_ram_dq0" for hierarchy "lpm_ram_dq0:inst"
Info: Elaborating entity "altsyncram" for hierarchy "lpm_ram_dq0:inst|altsyncram:altsyncram_component"
Info: Elaborated megafunction instantiation "lpm_ram_dq0:inst|altsyncram:altsyncram_component"
Info: Instantiated megafunction "lpm_ram_dq0:inst|altsyncram:altsyncram_component" with the following parameter:
    Info: Parameter "address_aclr_a" = "NONE"
    Info: Parameter "indata_aclr_a" = "NONE"
    Info: Parameter "init_file" = "ram.hex"
    Info: Parameter "intended_device_family" = "Cyclone"
    Info: Parameter "lpm_hint" = "ENABLE_RUNTIME_MOD=YES,INSTANCE_NAME=RAM"
    Info: Parameter "lpm_type" = "altsyncram"
    Info: Parameter "numwords_a" = "256"
    Info: Parameter "operation_mode" = "SINGLE_PORT"
    Info: Parameter "outdata_aclr_a" = "NONE"
    Info: Parameter "outdata_reg_a" = "UNREGISTERED"
    Info: Parameter "power_up_uninitialized" = "FALSE"
    Info: Parameter "widthad_a" = "8"
    Info: Parameter "width_a" = "8"
    Info: Parameter "width_byteena_a" = "1"
    Info: Parameter "wrcontrol_aclr_a" = "NONE"
Info: Found 1 design units, including 1 entities, in source file db/altsyncram_tje1.tdf
    Info: Found entity 1: altsyncram_tje1
Info: Elaborating entity "altsyncram_tje1" for hierarchy "lpm_ram_dq0:inst|altsyncram:altsyncram_component|altsyncram_tje1:auto_generated"
Info: Found 1 design units, including 1 entities, in source file db/altsyncram_02a2.tdf
    Info: Found entity 1: altsyncram_02a2
Info: Elaborating entity "altsyncram_02a2" for hierarchy "lpm_ram_dq0:inst|altsyncram:altsyncram_component|altsyncram_tje1:auto_generated|altsyncram_02a2:altsyncram1"
Info: Elaborating entity "sld_mod_ram_rom" for hierarchy "lpm_ram_dq0:inst|altsyncram:altsyncram_component|altsyncram_tje1:auto_generated|sld_mod_ram_rom:mgl_prim2"
Info: Elaborated megafunction instantiation "lpm_ram_dq0:inst|altsyncram:altsyncram_component|altsyncram_tje1:auto_generated|sld_mod_ram_rom:mgl_prim2"
Info: Instantiated megafunction "lpm_ram_dq0:inst|altsyncram:altsyncram_component|altsyncram_tje1:auto_generated|sld_mod_ram_rom:mgl_prim2" with the following parameter:
    Info: Parameter "CVALUE" = "00000000"
    Info: Parameter "IS_DATA_IN_RAM" = "1"
    Info: Parameter "IS_READABLE" = "1"
    Info: Parameter "NODE_NAME" = "1380011264"
    Info: Parameter "NUMWORDS" = "256"
    Info: Parameter "SHIFT_COUNT_BITS" = "4"
    Info: Parameter "WIDTH_WORD" = "8"
    Info: Parameter "WIDTHAD" = "8"
Info: Elaborating entity "sld_rom_sr" for hierarchy "lpm_ram_dq0:inst|altsyncram:altsyncram_component|altsyncram_tje1:auto_generated|sld_mod_ram_rom:mgl_prim2|sld_rom_sr:\ram_rom_logic_gen:name_gen:info_rom_sr"
Info: Registers with preset signals will power-up high
Warning: Ignored assignments for entity "tjl2" -- entity does not exist in design
    Warning: Assignment of entity set_global_assignment -name LL_ROOT_REGION ON -entity tjl2 -section_id "Root Region" is ignored
    Warning: Assignment of entity set_global_assignment -name LL_MEMBER_STATE LOCKED -entity tjl2 -section_id "Root Region" is ignored
Info: Implemented 214 device resources after synthesis - the final resource count might be different
    Info: Implemented 21 input pins
    Info: Implemented 9 output pins
    Info: Implemented 175 logic cells
    Info: Implemented 8 RAM segments
Info: Quartus II Analysis & Synthesis was successful. 0 errors, 3 warnings
    Info: Peak virtual memory: 199 megabytes
    Info: Processing ended: Wed Oct 29 20:45:47 2014
    Info: Elapsed time: 00:00:05
    Info: Total CPU time (on all processors): 00:00:05


